2026-03-27 15:02:11,359 - INFO - 
======================================================================
2026-03-27 15:02:11,360 - INFO - 🧹 INICIANDO LIMPIEZA DE DUPLICADOS
2026-03-27 15:02:11,360 - INFO - Fecha: 2026-03-27 15:02:11
2026-03-27 15:02:11,360 - INFO - ======================================================================
2026-03-27 15:02:11,361 - INFO - 
======================================================================
2026-03-27 15:02:11,361 - INFO - 🧹 LIMPIANDO DUPLICADOS EN 'Datos Runt'
2026-03-27 15:02:11,361 - INFO - ======================================================================
2026-03-27 15:02:13,986 - INFO - ✅ Hoja 'Datos Runt' encontrada
2026-03-27 15:02:14,234 - INFO - 📊 Total de filas: 250
2026-03-27 15:02:14,235 - INFO - 📋 Encabezado: ['Fecha Proceso', 'Cedula', 'Placa', 'Cilindraje', 'Soat', '', '', '', '', '', '', 'Tecnico mecanica', '', '', '', '', '', '', '']
2026-03-27 15:02:14,235 - INFO - 📊 Datos: 249 registros
2026-03-27 15:02:14,235 - INFO -    ✓ Fila 2:  /  (MANTENER)
2026-03-27 15:02:14,236 - INFO -    ✓ Fila 3: ABH91G / 3806700 (MANTENER)
2026-03-27 15:02:14,236 - INFO -    ✓ Fila 4: ABK52G / 1110596527 (MANTENER)
2026-03-27 15:02:14,236 - INFO -    ✓ Fila 5: ABL97G / 1020412930 (MANTENER)
2026-03-27 15:02:14,236 - INFO -    ✓ Fila 6: ABP39E / 5206556 (MANTENER)
2026-03-27 15:02:14,236 - INFO -    ✓ Fila 7: ABZ62G / 1110445295 (MANTENER)
2026-03-27 15:02:14,237 - INFO -    ✓ Fila 8: ADM14E / 1061536793 (MANTENER)
2026-03-27 15:02:14,237 - INFO -    ✓ Fila 9: ADT37G / 72240063 (MANTENER)
2026-03-27 15:02:14,237 - INFO -    ✓ Fila 10: ADX54G / 72216178 (MANTENER)
2026-03-27 15:02:14,237 - INFO -    ✓ Fila 11: AEU21G / 72336106 (MANTENER)
2026-03-27 15:02:14,238 - INFO -    ✓ Fila 12: AEW59H / 1066512374 (MANTENER)
2026-03-27 15:02:14,238 - INFO -    ✓ Fila 13: AFO09G / 1045686199 (MANTENER)
2026-03-27 15:02:14,238 - INFO -    ✓ Fila 14: AFW80E / 1110576190 (MANTENER)
2026-03-27 15:02:14,238 - INFO -    ✓ Fila 15: AGQ33G / 1001914134 (MANTENER)
2026-03-27 15:02:14,239 - INFO -    ✓ Fila 16: AGR72G / 72337511 (MANTENER)
2026-03-27 15:02:14,239 - INFO -    ✓ Fila 17: AHW55H / 98661532 (MANTENER)
2026-03-27 15:02:14,239 - INFO -    ✓ Fila 18: AIC84H / 1047337484 (MANTENER)
2026-03-27 15:02:14,239 - INFO -    ✓ Fila 19: AJJ78E / 14698558 (MANTENER)
2026-03-27 15:02:14,240 - INFO -    ✓ Fila 20: AJQ09H / 84450461 (MANTENER)
2026-03-27 15:02:14,240 - INFO -    ✓ Fila 21: AKW27G / 1035422303 (MANTENER)
2026-03-27 15:02:14,240 - INFO -    ✓ Fila 22: ALJ46F / 16375631 (MANTENER)
2026-03-27 15:02:14,241 - INFO -    ✓ Fila 23: AMX16D / 72231915 (MANTENER)
2026-03-27 15:02:14,241 - INFO -    ✓ Fila 24: APS74F / 9958233 (MANTENER)
2026-03-27 15:02:14,241 - INFO -    ✓ Fila 25: AQX54F / 14572019 (MANTENER)
2026-03-27 15:02:14,242 - INFO -    ✓ Fila 26: ARA77H / 1090521704 (MANTENER)
2026-03-27 15:02:14,242 - INFO -    ✓ Fila 27: ARH84F / 1087491617 (MANTENER)
2026-03-27 15:02:14,242 - INFO -    ✓ Fila 28: ARK24H / 1054917956 (MANTENER)
2026-03-27 15:02:14,243 - INFO -    ✓ Fila 29: ARK77H / 18511674 (MANTENER)
2026-03-27 15:02:14,243 - INFO -    ✓ Fila 30: ASU81H / 1003240642 (MANTENER)
2026-03-27 15:02:14,243 - INFO -    ✓ Fila 31: ATI02E / 7693747 (MANTENER)
2026-03-27 15:02:14,244 - INFO -    ✓ Fila 32: AVR08F / 79906062 (MANTENER)
2026-03-27 15:02:14,244 - INFO -    ✓ Fila 33: AYJ99I / 1096033183 (MANTENER)
2026-03-27 15:02:14,245 - INFO -    ✓ Fila 34: AZC80G / 1098734392 (MANTENER)
2026-03-27 15:02:14,246 - INFO -    ✓ Fila 35: AZV10H / 16288735 (MANTENER)
2026-03-27 15:02:14,246 - INFO -    ✓ Fila 36: BBC94H / 78024813 (MANTENER)
2026-03-27 15:02:14,247 - INFO -    ✓ Fila 37: BCA16G / 1007675453 (MANTENER)
2026-03-27 15:02:14,247 - INFO -    ✓ Fila 38: BCE87F / 1067955531 (MANTENER)
2026-03-27 15:02:14,247 - INFO -    ✓ Fila 39: BCX37F / 72271844 (MANTENER)
2026-03-27 15:02:14,248 - INFO -    ✓ Fila 40: BDP06E / 73574619 (MANTENER)
2026-03-27 15:02:14,248 - INFO -    ✓ Fila 41: BEM92C / 73229472 (MANTENER)
2026-03-27 15:02:14,248 - INFO -    ✓ Fila 42: BEW14G / 1001498856 (MANTENER)
2026-03-27 15:02:14,249 - INFO -    ✓ Fila 43: BFG68F / 1075273640 (MANTENER)
2026-03-27 15:02:14,249 - INFO -    ✓ Fila 44: BFS42G / 94448263 (MANTENER)
2026-03-27 15:02:14,249 - INFO -    ✓ Fila 45: BHJ08G / 1115083239 (MANTENER)
2026-03-27 15:02:14,249 - INFO -    ✓ Fila 46: BHJ76H / 1115088506 (MANTENER)
2026-03-27 15:02:14,250 - INFO -    ✓ Fila 47: BHV03G / 1095942176 (MANTENER)
2026-03-27 15:02:14,250 - INFO -    ✓ Fila 48: BJQ20 / 12202044 (MANTENER)
2026-03-27 15:02:14,250 - INFO -    ✓ Fila 49: BJV19H / 1143865402 (MANTENER)
2026-03-27 15:02:14,251 - INFO -    ✓ Fila 50: BLB66H / 1065823474 (MANTENER)
2026-03-27 15:02:14,251 - INFO -    ✓ Fila 51: BLY29F / 1129503496 (MANTENER)
2026-03-27 15:02:14,252 - INFO -    ✓ Fila 52: BMG33F / 9808566 (MANTENER)
2026-03-27 15:02:14,253 - INFO -    ✓ Fila 53: BOV17H / 1061686148 (MANTENER)
2026-03-27 15:02:14,254 - INFO -    ✓ Fila 54: BPJ35H / 1061731061 (MANTENER)
2026-03-27 15:02:14,255 - INFO -    ✓ Fila 55: BPO29H / 1004627619 (MANTENER)
2026-03-27 15:02:14,255 - INFO -    ✓ Fila 56: BQD21E / 85202792 (MANTENER)
2026-03-27 15:02:14,256 - INFO -    ✓ Fila 57: BRD68G / 72210451 (MANTENER)
2026-03-27 15:02:14,256 - INFO -    ✓ Fila 58: BRG67G / 7597354 (MANTENER)
2026-03-27 15:02:14,256 - INFO -    ✓ Fila 59: BRX50F / 1047480030 (MANTENER)
2026-03-27 15:02:14,257 - INFO -    ✓ Fila 60: BSA40F / 1143388289 (MANTENER)
2026-03-27 15:02:14,257 - INFO -    ✓ Fila 61: BSD29F / 1128054267 (MANTENER)
2026-03-27 15:02:14,258 - INFO -    ✓ Fila 62: BSF38F / 1048604134 (MANTENER)
2026-03-27 15:02:14,258 - INFO -    ✓ Fila 63: BTO12G / 12241702 (MANTENER)
2026-03-27 15:02:14,258 - INFO -    ✓ Fila 64: BWQ77F / 1113659721 (MANTENER)
2026-03-27 15:02:14,259 - INFO -    ✓ Fila 65: BYA54H / 1000128673 (MANTENER)
2026-03-27 15:02:14,259 - INFO -    ✓ Fila 66: BYI35G / 79595397 (MANTENER)
2026-03-27 15:02:14,259 - INFO -    ✓ Fila 67: BYO72F / 91522698 (MANTENER)
2026-03-27 15:02:14,260 - INFO -    ✓ Fila 68: BZC25D / 8834542 (MANTENER)
2026-03-27 15:02:14,260 - INFO -    ✓ Fila 69: CAB33G / 11206472 (MANTENER)
2026-03-27 15:02:14,261 - INFO -    ✓ Fila 70: CBO27G / 85487086 (MANTENER)
2026-03-27 15:02:14,261 - INFO -    ✓ Fila 71: CCD37G / 1007182216 (MANTENER)
2026-03-27 15:02:14,261 - INFO -    ✓ Fila 72: CCK77G / 1065625971 (MANTENER)
2026-03-27 15:02:14,262 - INFO -    ✓ Fila 73: CCX64F / 6499844 (MANTENER)
2026-03-27 15:02:14,262 - INFO -    ✓ Fila 74: CDM21H / 1090403950 (MANTENER)
2026-03-27 15:02:14,262 - INFO -    ✓ Fila 75: CEI86F / 80122315 (MANTENER)
2026-03-27 15:02:14,262 - INFO -    ✓ Fila 76: CFZ95G / 1088254569 (MANTENER)
2026-03-27 15:02:14,263 - INFO -    ✓ Fila 77: CGF99G / 10002617 (MANTENER)
2026-03-27 15:02:14,263 - INFO -    ✓ Fila 78: CGY76E / 1152439340 (MANTENER)
2026-03-27 15:02:14,263 - INFO -    ✓ Fila 79: CHT59G / 94433781 (MANTENER)
2026-03-27 15:02:14,263 - INFO -    ✓ Fila 80: CIO83H / 1001845464 (MANTENER)
2026-03-27 15:02:14,264 - INFO -    ✓ Fila 81: CIR80F / 1023936807 (MANTENER)
2026-03-27 15:02:14,264 - INFO -    ✓ Fila 82: CIY41G / 80242406 (MANTENER)
2026-03-27 15:02:14,264 - INFO -    ✓ Fila 83: CJT10G / 1143461333 (MANTENER)
2026-03-27 15:02:14,264 - INFO -    ✓ Fila 84: CKC76H / 1035971400 (MANTENER)
2026-03-27 15:02:14,265 - INFO -    ✓ Fila 85: CNO27G / 1047436560 (MANTENER)
2026-03-27 15:02:14,265 - INFO -    ✓ Fila 86: CNQ25G / 1143332350 (MANTENER)
2026-03-27 15:02:14,266 - INFO -    ✓ Fila 87: COU91E / 75080602 (MANTENER)
2026-03-27 15:02:14,267 - INFO -    ✓ Fila 88: CPB65E / 75082655 (MANTENER)
2026-03-27 15:02:14,267 - INFO -    ✓ Fila 89: CPG50H / 1115947780 (MANTENER)
2026-03-27 15:02:14,268 - INFO -    ✓ Fila 90: CPK24D / 15385997 (MANTENER)
2026-03-27 15:02:14,268 - INFO -    ✓ Fila 91: CQO41 / 1041150844 (MANTENER)
2026-03-27 15:02:14,268 - INFO -    ✓ Fila 92: CQT05 / 71260799 (MANTENER)
2026-03-27 15:02:14,269 - INFO -    ✓ Fila 93: CRG07F / 9103172 (MANTENER)
2026-03-27 15:02:14,269 - INFO -    ✓ Fila 94: CRN34F / 73572036 (MANTENER)
2026-03-27 15:02:14,269 - INFO -    ✓ Fila 95: CRN48G / 1021805032 (MANTENER)
2026-03-27 15:02:14,269 - INFO -    ✓ Fila 96: CSV58G / 1020222427 (MANTENER)
2026-03-27 15:02:14,270 - INFO -    ✓ Fila 97: CSW37F / 15174080 (MANTENER)
2026-03-27 15:02:14,270 - INFO -    ✓ Fila 98: CTB24G / 16493899 (MANTENER)
2026-03-27 15:02:14,270 - INFO -    ✓ Fila 99: CTU21G / 80733144 (MANTENER)
2026-03-27 15:02:14,271 - INFO -    ✓ Fila 100: CUM42H / 78751120 (MANTENER)
2026-03-27 15:02:14,271 - INFO -    ✓ Fila 101: CUY33E / 1005457212 (MANTENER)
2026-03-27 15:02:14,271 - INFO -    ✓ Fila 102: CVD36F / 72020789 (MANTENER)
2026-03-27 15:02:14,272 - INFO -    ✓ Fila 103: CVJ68F / 72266046 (MANTENER)
2026-03-27 15:02:14,272 - INFO -    ✓ Fila 104: CVV22E / 7919423 (MANTENER)
2026-03-27 15:02:14,272 - INFO -    ✓ Fila 105: CWI35H / 1143931759 (MANTENER)
2026-03-27 15:02:14,273 - INFO -    ✓ Fila 106: CXF91H / 1065130459 (MANTENER)
2026-03-27 15:02:14,273 - INFO -    ✓ Fila 107: CXH32H / 1118813130 (MANTENER)
2026-03-27 15:02:14,274 - INFO -    ✓ Fila 108: CZO46G / 1090491988 (MANTENER)
2026-03-27 15:02:14,274 - INFO -    ✓ Fila 109: CZP45E / 1056929079 (MANTENER)
2026-03-27 15:02:14,274 - INFO -    ✓ Fila 110: DAV08F / 15921096 (MANTENER)
2026-03-27 15:02:14,275 - INFO -    ✓ Fila 111: DBB53D / 1042765396 (MANTENER)
2026-03-27 15:02:14,275 - INFO -    ✓ Fila 112: DBU73F / 1128475307 (MANTENER)
2026-03-27 15:02:14,275 - INFO -    ✓ Fila 113: DCI52D / 1047218225 (MANTENER)
2026-03-27 15:02:14,276 - INFO -    ✓ Fila 114: DCJ69D / 1143250144 (MANTENER)
2026-03-27 15:02:14,276 - INFO -    ✓ Fila 115: DDE75F / 1082908746 (MANTENER)
2026-03-27 15:02:14,276 - INFO -    ✓ Fila 116: DDJ60H / 1048277223 (MANTENER)
2026-03-27 15:02:14,277 - INFO -    ✓ Fila 117: DDT31H / 1045714555 (MANTENER)
2026-03-27 15:02:14,277 - INFO -    ✓ Fila 118: DDX29H / 72289078 (MANTENER)
2026-03-27 15:02:14,277 - INFO -    ✓ Fila 119: DFA03E / 1045704834 (MANTENER)
2026-03-27 15:02:14,278 - INFO -    ✓ Fila 120: DFG92E / 1129568514 (MANTENER)
2026-03-27 15:02:14,278 - INFO -    ✓ Fila 121: DHF37E / 80214491 (MANTENER)
2026-03-27 15:02:14,278 - INFO -    ✓ Fila 122: DHI85E / 88002387 (MANTENER)
2026-03-27 15:02:14,278 - INFO -    ✓ Fila 123: DHK80F / 43583061 (MANTENER)
2026-03-27 15:02:14,279 - INFO -    ✓ Fila 124: DHU62G / 1010020995 (MANTENER)
2026-03-27 15:02:14,279 - INFO -    ✓ Fila 125: DHW25C / 12599441 (MANTENER)
2026-03-27 15:02:14,279 - INFO -    ✓ Fila 126: DIS52H / 1000252635 (MANTENER)
2026-03-27 15:02:14,279 - INFO -    ✓ Fila 127: DJN32F / 1085950724 (MANTENER)
2026-03-27 15:02:14,280 - INFO -    ✓ Fila 128: DKE30D / 77188463 (MANTENER)
2026-03-27 15:02:14,280 - INFO -    ✓ Fila 129: DKF16D / 1235339467 (MANTENER)
2026-03-27 15:02:14,280 - INFO -    ✓ Fila 130: DLG25H / 13744592 (MANTENER)
2026-03-27 15:02:14,280 - INFO -    ✓ Fila 131: DMK30E / 18519791 (MANTENER)
2026-03-27 15:02:14,281 - INFO -    ✓ Fila 132: DOA88C / 11204362 (MANTENER)
2026-03-27 15:02:14,281 - INFO -    ✓ Fila 133: DOI53H / 6343872 (MANTENER)
2026-03-27 15:02:14,282 - INFO -    ✓ Fila 134: DPH60H / 1144179552 (MANTENER)
2026-03-27 15:02:14,283 - INFO -    ✓ Fila 135: DPP23F / 1007958855 (MANTENER)
2026-03-27 15:02:14,283 - INFO -    ✓ Fila 136: DQE79G / 91288072 (MANTENER)
2026-03-27 15:02:14,283 - INFO -    ✓ Fila 137: DRV45F / 1050954941 (MANTENER)
2026-03-27 15:02:14,284 - INFO -    ✓ Fila 138: DSF45F / 73578605 (MANTENER)
2026-03-27 15:02:14,284 - INFO -    ✓ Fila 139: DSP51G / 14677055 (MANTENER)
2026-03-27 15:02:14,284 - INFO -    ✓ Fila 140: DSQ57F / 10930648 (MANTENER)
2026-03-27 15:02:14,284 - INFO -    ✓ Fila 141: DSU43G / 1102794230 (MANTENER)
2026-03-27 15:02:14,285 - INFO -    ✓ Fila 142: DSU56G / 92537751 (MANTENER)
2026-03-27 15:02:14,285 - INFO -    ✓ Fila 143: DVD14H / 87946752 (MANTENER)
2026-03-27 15:02:14,285 - INFO -    ✓ Fila 144: DVI65H / 16375143 (MANTENER)
2026-03-27 15:02:14,285 - INFO -    ✓ Fila 145: DVQ24H / 14638865 (MANTENER)
2026-03-27 15:02:14,286 - INFO -    ✓ Fila 146: DVX70H / 1143938055 (MANTENER)
2026-03-27 15:02:14,286 - INFO -    ✓ Fila 147: DWI72H / 1130627462 (MANTENER)
2026-03-27 15:02:14,286 - INFO -    ✓ Fila 148: AXE16F / 1019062538 (MANTENER)
2026-03-27 15:02:14,287 - INFO -    ✓ Fila 149: BMC50G / 1004564084 (MANTENER)
2026-03-27 15:02:14,287 - INFO -    ✓ Fila 150: CUM22H / 10781012 (MANTENER)
2026-03-27 15:02:14,287 - INFO -    ✓ Fila 151: DWR55D / 80162996 (MANTENER)
2026-03-27 15:02:14,288 - INFO -    ✓ Fila 152: DXA60F / 80153059 (MANTENER)
2026-03-27 15:02:14,288 - INFO -    ✓ Fila 153: DZI33E / 1129566246 (MANTENER)
2026-03-27 15:02:14,288 - INFO -    ✓ Fila 154: DZJ55H / 1047461272 (MANTENER)
2026-03-27 15:02:14,288 - INFO -    ✓ Fila 155: DZV79G / 1098784520 (MANTENER)
2026-03-27 15:02:14,289 - INFO -    ✓ Fila 156: EAP66G / 1121854941 (MANTENER)
2026-03-27 15:02:14,289 - INFO -    ✓ Fila 157: EAS47H / 73211808 (MANTENER)
2026-03-27 15:02:14,289 - INFO -    ✓ Fila 158: EBV82F / 1102838927 (MANTENER)
2026-03-27 15:02:14,289 - INFO -    ✓ Fila 159: EFJ86G / 79812388 (MANTENER)
2026-03-27 15:02:14,290 - INFO -    ✓ Fila 160: EGW66G / 8566889 (MANTENER)
2026-03-27 15:02:14,290 - INFO -    ✓ Fila 161: EHU66G / 1001819327 (MANTENER)
2026-03-27 15:02:14,291 - INFO -    ✓ Fila 162: EHZ30F / 91530020 (MANTENER)
2026-03-27 15:02:14,291 - INFO -    ✓ Fila 163: EIQ70G / 1045745971 (MANTENER)
2026-03-27 15:02:14,291 - INFO -    ✓ Fila 164: EIX29F / 1232594218 (MANTENER)
2026-03-27 15:02:14,292 - INFO -    ✓ Fila 165: EJN63F / 1047481213 (MANTENER)
2026-03-27 15:02:14,292 - INFO -    ✓ Fila 166: EJP02E / 71766508 (MANTENER)
2026-03-27 15:02:14,293 - INFO -    ✓ Fila 167: EJR95H / 1004798892 (MANTENER)
2026-03-27 15:02:14,293 - INFO -    ✓ Fila 168: EKU42G / 16939503 (MANTENER)
2026-03-27 15:02:14,293 - INFO -    ✓ Fila 169: EKW82B / 1098614724 (MANTENER)
2026-03-27 15:02:14,294 - INFO -    ✓ Fila 170: ELA72G / 94525977 (MANTENER)
2026-03-27 15:02:14,294 - INFO -    ✓ Fila 171: ELI96G / 94551116 (MANTENER)
2026-03-27 15:02:14,294 - INFO -    ✓ Fila 172: ELX41G / 94456424 (MANTENER)
2026-03-27 15:02:14,294 - INFO -    ✓ Fila 173: EMD76H / 1036688580 (MANTENER)
2026-03-27 15:02:14,295 - INFO -    ✓ Fila 174: EMF96F / 1102379930 (MANTENER)
2026-03-27 15:02:14,295 - INFO -    ✓ Fila 175: EMH77G / 16846381 (MANTENER)
2026-03-27 15:02:14,295 - INFO -    ✓ Fila 176: ENE82H / 1037595662 (MANTENER)
2026-03-27 15:02:14,296 - INFO -    ✓ Fila 177: ENX06E / 12646820 (MANTENER)
2026-03-27 15:02:14,296 - INFO -    ✓ Fila 178: EPT50E / 98588196 (MANTENER)
2026-03-27 15:02:14,296 - INFO -    ✓ Fila 179: EQE02F / 1035422344 (MANTENER)
2026-03-27 15:02:14,297 - INFO -    ✓ Fila 180: ERQ22G / 1007667639 (MANTENER)
2026-03-27 15:02:14,298 - INFO -    ✓ Fila 181: ETB72F / 6108181 (MANTENER)
2026-03-27 15:02:14,299 - INFO -    ✓ Fila 182: ETI91F / 1151969127 (MANTENER)
2026-03-27 15:02:14,300 - INFO -    ✓ Fila 183: ETZ03G / 1061763352 (MANTENER)
2026-03-27 15:02:14,300 - INFO -    ✓ Fila 184: EUX71E / 8851011 (MANTENER)
2026-03-27 15:02:14,301 - INFO -    ✓ Fila 185: EVK05E / 1050961505 (MANTENER)
2026-03-27 15:02:14,301 - INFO -    ✓ Fila 186: EVX16C / 73211334 (MANTENER)
2026-03-27 15:02:14,302 - INFO -    ✓ Fila 187: EXR95H / 1047479935 (MANTENER)
2026-03-27 15:02:14,302 - INFO -    ✓ Fila 188: EYN19E / 1082921822 (MANTENER)
2026-03-27 15:02:14,302 - INFO -    ✓ Fila 189: FAV23E / 7724070 (MANTENER)
2026-03-27 15:02:14,302 - INFO -    ✓ Fila 190: FBD01H / 1143247837 (MANTENER)
2026-03-27 15:02:14,303 - INFO -    ✓ Fila 191: FBD55F / 1090418327 (MANTENER)
2026-03-27 15:02:14,303 - INFO -    ✓ Fila 192: FEG57F / 3984176 (MANTENER)
2026-03-27 15:02:14,303 - INFO -    ✓ Fila 193: FGB43H / 1110590954 (MANTENER)
2026-03-27 15:02:14,304 - INFO -    ✓ Fila 194: FGM76C / 72009142 (MANTENER)
2026-03-27 15:02:14,304 - INFO -    ✓ Fila 195: FJP81F / 1070588309 (MANTENER)
2026-03-27 15:02:14,304 - INFO -    ✓ Fila 196: FMK52F / 1110582253 (MANTENER)
2026-03-27 15:02:14,304 - INFO -    ✓ Fila 197: FOC90G / 16761800 (MANTENER)
2026-03-27 15:02:14,304 - INFO -    ✓ Fila 198: FOD94E / 31480681 (MANTENER)
2026-03-27 15:02:14,305 - INFO -    ✓ Fila 199: FOQ23E / 73215618 (MANTENER)
2026-03-27 15:02:14,305 - INFO -    ✓ Fila 200: FRY94H / 1031135843 (MANTENER)
2026-03-27 15:02:14,305 - INFO -    ✓ Fila 201: FTA31G / 17591402 (MANTENER)
2026-03-27 15:02:14,306 - INFO -    ✓ Fila 202: FVG29F / 80017411 (MANTENER)
2026-03-27 15:02:14,306 - INFO -    ✓ Fila 203: FWA75H / 1013662414 (MANTENER)
2026-03-27 15:02:14,307 - INFO -    ✓ Fila 204: FWL46C / 1090427885 (MANTENER)
2026-03-27 15:02:14,307 - INFO -    ✓ Fila 205: FWY74G / 1001361203 (MANTENER)
2026-03-27 15:02:14,308 - INFO -    ✓ Fila 206: FWZ81G / 1093747543 (MANTENER)
2026-03-27 15:02:14,308 - INFO -    ✓ Fila 207: FYW47F / 72214952 (MANTENER)
2026-03-27 15:02:14,309 - INFO -    ✓ Fila 208: FZV60G / 1033370509 (MANTENER)
2026-03-27 15:02:14,309 - INFO -    ✓ Fila 209: GAQ69H / 1095788594 (MANTENER)
2026-03-27 15:02:14,309 - INFO -    ✓ Fila 210: GBU41F / 1070707861 (MANTENER)
2026-03-27 15:02:14,310 - INFO -    ✓ Fila 211: GCG05G / 1047379041 (MANTENER)
2026-03-27 15:02:14,310 - INFO -    ✓ Fila 212: GCQ66H / 1007437496 (MANTENER)
2026-03-27 15:02:14,310 - INFO -    ✓ Fila 213: GDC97G / 1051417653 (MANTENER)
2026-03-27 15:02:14,311 - INFO -    ✓ Fila 214: GDN03G / 1113660036 (MANTENER)
2026-03-27 15:02:14,311 - INFO -    ✓ Fila 215: GDU58F / 1233491372 (MANTENER)
2026-03-27 15:02:14,311 - INFO -    ✓ Fila 216: GDX53G / 16537024 (MANTENER)
2026-03-27 15:02:14,312 - INFO -    ✓ Fila 217: GEV25H / 1103103231 (MANTENER)
2026-03-27 15:02:14,312 - INFO -    ✓ Fila 218: GGA43H / 1019094768 (MANTENER)
2026-03-27 15:02:14,312 - INFO -    ✓ Fila 219: GGC03G / 1106888659 (MANTENER)
2026-03-27 15:02:14,313 - INFO -    ✓ Fila 220: GID48E / 79804105 (MANTENER)
2026-03-27 15:02:14,313 - INFO -    ✓ Fila 221: GJV09G / 6241290 (MANTENER)
2026-03-27 15:02:14,313 - INFO -    ✓ Fila 222: GKG48G / 1006315815 (MANTENER)
2026-03-27 15:02:14,313 - INFO -    ✓ Fila 223: GKH26F / 1143970584 (MANTENER)
2026-03-27 15:02:14,314 - INFO -    ✓ Fila 224: GLB86H / 14297120 (MANTENER)
2026-03-27 15:02:14,314 - INFO -    ✓ Fila 225: GNC09G / 9862453 (MANTENER)
2026-03-27 15:02:14,314 - INFO -    ✓ Fila 226: GNT14B / 94459873 (MANTENER)
2026-03-27 15:02:14,315 - INFO -    ✓ Fila 227: GNV93H / 10308220 (MANTENER)
2026-03-27 15:02:14,315 - INFO -    ✓ Fila 228: GOI86H / 1061687916 (MANTENER)
2026-03-27 15:02:14,315 - INFO -    ✓ Fila 229: GOM17F / 1193268731 (MANTENER)
2026-03-27 15:02:14,316 - INFO -    ✓ Fila 230: GRJ71H / 1082862541 (MANTENER)
2026-03-27 15:02:14,316 - INFO -    ✓ Fila 231: GSE81E / 91352112 (MANTENER)
2026-03-27 15:02:14,317 - INFO -    ✓ Fila 232: GSR10G / 7937210 (MANTENER)
2026-03-27 15:02:14,317 - INFO -    ✓ Fila 233: GTD26G / 1192727731 (MANTENER)
2026-03-27 15:02:14,318 - INFO -    ✓ Fila 234: GTD70G / 1047482206 (MANTENER)
2026-03-27 15:02:14,318 - INFO -    ✓ Fila 235: GTG15C / 7731635 (MANTENER)
2026-03-27 15:02:14,318 - INFO -    ✓ Fila 236: GTJ40H / 93437593 (MANTENER)
2026-03-27 15:02:14,319 - INFO -    ✓ Fila 237: GTL80H / 1105683451 (MANTENER)
2026-03-27 15:02:14,319 - INFO -    ✓ Fila 238: GTN88H / 1110552827 (MANTENER)
2026-03-27 15:02:14,319 - INFO -    ✓ Fila 239: GTS32G / 73205382 (MANTENER)
2026-03-27 15:02:14,320 - INFO -    ✓ Fila 240: GUR60F / 1234889561 (MANTENER)
2026-03-27 15:02:14,320 - INFO -    ✓ Fila 241: GUR77F / 1143262355 (MANTENER)
2026-03-27 15:02:14,321 - INFO -    ✓ Fila 242: GVC39F / 1104017240 (MANTENER)
2026-03-27 15:02:14,322 - INFO -    ✓ Fila 243: GXA78F / 92548629 (MANTENER)
2026-03-27 15:02:14,322 - INFO -    ✓ Fila 244: HAA65E / 9295869 (MANTENER)
2026-03-27 15:02:14,323 - INFO -    ✓ Fila 245: HAG02G / 1015454980 (MANTENER)
2026-03-27 15:02:14,324 - INFO -    ✓ Fila 246: HAW03F / 1102878330 (MANTENER)
2026-03-27 15:02:14,324 - WARNING -    ❌ DUPLICADO encontrado en fila 247: BCE87F / 1067955531
2026-03-27 15:02:14,325 - INFO -    ✓ Fila 248: EVR14F / 1143408610 (MANTENER)
2026-03-27 15:02:14,325 - INFO -    ✓ Fila 249: EXD86F / 72001701 (MANTENER)
2026-03-27 15:02:14,325 - INFO -    ✓ Fila 250: FOX60H / 1118300824 (MANTENER)
2026-03-27 15:02:14,326 - WARNING - 
🔄 ELIMINANDO 1 filas duplicadas...
2026-03-27 15:02:14,535 - ERROR - ❌ Error: APIError: [400]: Invalid requests[0].deleteDimension: endIndex[1] cannot be before startIndex[246]
Traceback (most recent call last):
  File "C:\Users\cmarroquin\Music\RuntPro\Duplicados.py", line 302, in <module>
    main()
    ~~~~^^
  File "C:\Users\cmarroquin\Music\RuntPro\Duplicados.py", line 285, in main
    limpiar_duplicados_datos_runt()
    ~~~~~~~~~~~~~~~~~~~~~~~~~~~~~^^
  File "C:\Users\cmarroquin\Music\RuntPro\Duplicados.py", line 120, in limpiar_duplicados_datos_runt
    worksheet.delete_rows(num_fila, 1)
    ~~~~~~~~~~~~~~~~~~~~~^^^^^^^^^^^^^
  File "C:\Users\cmarroquin\AppData\Local\Programs\Python\Python314\Lib\site-packages\gspread\worksheet.py", line 2195, in delete_rows
    return self.delete_dimension(Dimension.rows, start_index, end_index)
           ~~~~~~~~~~~~~~~~~~~~~^^^^^^^^^^^^^^^^^^^^^^^^^^^^^^^^^^^^^^^^
  File "C:\Users\cmarroquin\AppData\Local\Programs\Python\Python314\Lib\site-packages\gspread\worksheet.py", line 2166, in delete_dimension
    res = self.client.batch_update(self.spreadsheet_id, body)
  File "C:\Users\cmarroquin\AppData\Local\Programs\Python\Python314\Lib\site-packages\gspread\http_client.py", line 139, in batch_update
    r = self.request("post", SPREADSHEET_BATCH_UPDATE_URL % id, json=body)
  File "C:\Users\cmarroquin\AppData\Local\Programs\Python\Python314\Lib\site-packages\gspread\http_client.py", line 128, in request
    raise APIError(response)
gspread.exceptions.APIError: APIError: [400]: Invalid requests[0].deleteDimension: endIndex[1] cannot be before startIndex[246]
2026-03-27 15:52:34,359 - INFO - 
======================================================================
2026-03-27 15:52:34,360 - INFO - 🧹 INICIANDO LIMPIEZA DE DUPLICADOS
2026-03-27 15:52:34,360 - INFO - Fecha: 2026-03-27 15:52:34
2026-03-27 15:52:34,360 - INFO - ======================================================================
2026-03-27 15:52:34,361 - INFO - 
======================================================================
2026-03-27 15:52:34,361 - INFO - 🧹 LIMPIANDO DUPLICADOS EN 'Datos Runt'
2026-03-27 15:52:34,361 - INFO - ======================================================================
2026-03-27 15:52:37,104 - INFO - ✅ Hoja 'Datos Runt' encontrada
2026-03-27 15:52:37,332 - INFO - 📊 Total de filas: 250
2026-03-27 15:52:37,333 - INFO - 📋 Encabezado: ['Fecha Proceso', 'Cedula', 'Placa', 'Cilindraje', 'Soat', '', '', '', '', '', '', 'Tecnico mecanica', '', '', '', '', '', '', '']
2026-03-27 15:52:37,333 - INFO - 📊 Datos: 249 registros
2026-03-27 15:52:37,333 - INFO -    ✓ Fila 2:  /  (MANTENER)
2026-03-27 15:52:37,334 - INFO -    ✓ Fila 3: ABH91G / 3806700 (MANTENER)
2026-03-27 15:52:37,334 - INFO -    ✓ Fila 4: ABK52G / 1110596527 (MANTENER)
2026-03-27 15:52:37,334 - INFO -    ✓ Fila 5: ABL97G / 1020412930 (MANTENER)
2026-03-27 15:52:37,334 - INFO -    ✓ Fila 6: ABP39E / 5206556 (MANTENER)
2026-03-27 15:52:37,335 - INFO -    ✓ Fila 7: ABZ62G / 1110445295 (MANTENER)
2026-03-27 15:52:37,335 - INFO -    ✓ Fila 8: ADM14E / 1061536793 (MANTENER)
2026-03-27 15:52:37,335 - INFO -    ✓ Fila 9: ADT37G / 72240063 (MANTENER)
2026-03-27 15:52:37,336 - INFO -    ✓ Fila 10: ADX54G / 72216178 (MANTENER)
2026-03-27 15:52:37,336 - INFO -    ✓ Fila 11: AEU21G / 72336106 (MANTENER)
2026-03-27 15:52:37,336 - INFO -    ✓ Fila 12: AEW59H / 1066512374 (MANTENER)
2026-03-27 15:52:37,336 - INFO -    ✓ Fila 13: AFO09G / 1045686199 (MANTENER)
2026-03-27 15:52:37,336 - INFO -    ✓ Fila 14: AFW80E / 1110576190 (MANTENER)
2026-03-27 15:52:37,337 - INFO -    ✓ Fila 15: AGQ33G / 1001914134 (MANTENER)
2026-03-27 15:52:37,337 - INFO -    ✓ Fila 16: AGR72G / 72337511 (MANTENER)
2026-03-27 15:52:37,337 - INFO -    ✓ Fila 17: AHW55H / 98661532 (MANTENER)
2026-03-27 15:52:37,337 - INFO -    ✓ Fila 18: AIC84H / 1047337484 (MANTENER)
2026-03-27 15:52:37,337 - INFO -    ✓ Fila 19: AJJ78E / 14698558 (MANTENER)
2026-03-27 15:52:37,338 - INFO -    ✓ Fila 20: AJQ09H / 84450461 (MANTENER)
2026-03-27 15:52:37,338 - INFO -    ✓ Fila 21: AKW27G / 1035422303 (MANTENER)
2026-03-27 15:52:37,338 - INFO -    ✓ Fila 22: ALJ46F / 16375631 (MANTENER)
2026-03-27 15:52:37,339 - INFO -    ✓ Fila 23: AMX16D / 72231915 (MANTENER)
2026-03-27 15:52:37,339 - INFO -    ✓ Fila 24: APS74F / 9958233 (MANTENER)
2026-03-27 15:52:37,340 - INFO -    ✓ Fila 25: AQX54F / 14572019 (MANTENER)
2026-03-27 15:52:37,340 - INFO -    ✓ Fila 26: ARA77H / 1090521704 (MANTENER)
2026-03-27 15:52:37,340 - INFO -    ✓ Fila 27: ARH84F / 1087491617 (MANTENER)
2026-03-27 15:52:37,341 - INFO -    ✓ Fila 28: ARK24H / 1054917956 (MANTENER)
2026-03-27 15:52:37,341 - INFO -    ✓ Fila 29: ARK77H / 18511674 (MANTENER)
2026-03-27 15:52:37,341 - INFO -    ✓ Fila 30: ASU81H / 1003240642 (MANTENER)
2026-03-27 15:52:37,342 - INFO -    ✓ Fila 31: ATI02E / 7693747 (MANTENER)
2026-03-27 15:52:37,342 - INFO -    ✓ Fila 32: AVR08F / 79906062 (MANTENER)
2026-03-27 15:52:37,342 - INFO -    ✓ Fila 33: AYJ99I / 1096033183 (MANTENER)
2026-03-27 15:52:37,343 - INFO -    ✓ Fila 34: AZC80G / 1098734392 (MANTENER)
2026-03-27 15:52:37,343 - INFO -    ✓ Fila 35: AZV10H / 16288735 (MANTENER)
2026-03-27 15:52:37,344 - INFO -    ✓ Fila 36: BBC94H / 78024813 (MANTENER)
2026-03-27 15:52:37,344 - INFO -    ✓ Fila 37: BCA16G / 1007675453 (MANTENER)
2026-03-27 15:52:37,344 - INFO -    ✓ Fila 38: BCE87F / 1067955531 (MANTENER)
2026-03-27 15:52:37,345 - INFO -    ✓ Fila 39: BCX37F / 72271844 (MANTENER)
2026-03-27 15:52:37,345 - INFO -    ✓ Fila 40: BDP06E / 73574619 (MANTENER)
2026-03-27 15:52:37,346 - INFO -    ✓ Fila 41: BEM92C / 73229472 (MANTENER)
2026-03-27 15:52:37,346 - INFO -    ✓ Fila 42: BEW14G / 1001498856 (MANTENER)
2026-03-27 15:52:37,346 - INFO -    ✓ Fila 43: BFG68F / 1075273640 (MANTENER)
2026-03-27 15:52:37,346 - INFO -    ✓ Fila 44: BFS42G / 94448263 (MANTENER)
2026-03-27 15:52:37,347 - INFO -    ✓ Fila 45: BHJ08G / 1115083239 (MANTENER)
2026-03-27 15:52:37,347 - INFO -    ✓ Fila 46: BHJ76H / 1115088506 (MANTENER)
2026-03-27 15:52:37,347 - INFO -    ✓ Fila 47: BHV03G / 1095942176 (MANTENER)
2026-03-27 15:52:37,348 - INFO -    ✓ Fila 48: BJQ20 / 12202044 (MANTENER)
2026-03-27 15:52:37,348 - INFO -    ✓ Fila 49: BJV19H / 1143865402 (MANTENER)
2026-03-27 15:52:37,348 - INFO -    ✓ Fila 50: BLB66H / 1065823474 (MANTENER)
2026-03-27 15:52:37,348 - INFO -    ✓ Fila 51: BLY29F / 1129503496 (MANTENER)
2026-03-27 15:52:37,349 - INFO -    ✓ Fila 52: BMG33F / 9808566 (MANTENER)
2026-03-27 15:52:37,349 - INFO -    ✓ Fila 53: BOV17H / 1061686148 (MANTENER)
2026-03-27 15:52:37,349 - INFO -    ✓ Fila 54: BPJ35H / 1061731061 (MANTENER)
2026-03-27 15:52:37,350 - INFO -    ✓ Fila 55: BPO29H / 1004627619 (MANTENER)
2026-03-27 15:52:37,351 - INFO -    ✓ Fila 56: BQD21E / 85202792 (MANTENER)
2026-03-27 15:52:37,351 - INFO -    ✓ Fila 57: BRD68G / 72210451 (MANTENER)
2026-03-27 15:52:37,352 - INFO -    ✓ Fila 58: BRG67G / 7597354 (MANTENER)
2026-03-27 15:52:37,352 - INFO -    ✓ Fila 59: BRX50F / 1047480030 (MANTENER)
2026-03-27 15:52:37,353 - INFO -    ✓ Fila 60: BSA40F / 1143388289 (MANTENER)
2026-03-27 15:52:37,353 - INFO -    ✓ Fila 61: BSD29F / 1128054267 (MANTENER)
2026-03-27 15:52:37,353 - INFO -    ✓ Fila 62: BSF38F / 1048604134 (MANTENER)
2026-03-27 15:52:37,354 - INFO -    ✓ Fila 63: BTO12G / 12241702 (MANTENER)
2026-03-27 15:52:37,354 - INFO -    ✓ Fila 64: BWQ77F / 1113659721 (MANTENER)
2026-03-27 15:52:37,355 - INFO -    ✓ Fila 65: BYA54H / 1000128673 (MANTENER)
2026-03-27 15:52:37,355 - INFO -    ✓ Fila 66: BYI35G / 79595397 (MANTENER)
2026-03-27 15:52:37,355 - INFO -    ✓ Fila 67: BYO72F / 91522698 (MANTENER)
2026-03-27 15:52:37,356 - INFO -    ✓ Fila 68: BZC25D / 8834542 (MANTENER)
2026-03-27 15:52:37,356 - INFO -    ✓ Fila 69: CAB33G / 11206472 (MANTENER)
2026-03-27 15:52:37,356 - INFO -    ✓ Fila 70: CBO27G / 85487086 (MANTENER)
2026-03-27 15:52:37,357 - INFO -    ✓ Fila 71: CCD37G / 1007182216 (MANTENER)
2026-03-27 15:52:37,357 - INFO -    ✓ Fila 72: CCK77G / 1065625971 (MANTENER)
2026-03-27 15:52:37,357 - INFO -    ✓ Fila 73: CCX64F / 6499844 (MANTENER)
2026-03-27 15:52:37,358 - INFO -    ✓ Fila 74: CDM21H / 1090403950 (MANTENER)
2026-03-27 15:52:37,358 - INFO -    ✓ Fila 75: CEI86F / 80122315 (MANTENER)
2026-03-27 15:52:37,358 - INFO -    ✓ Fila 76: CFZ95G / 1088254569 (MANTENER)
2026-03-27 15:52:37,359 - INFO -    ✓ Fila 77: CGF99G / 10002617 (MANTENER)
2026-03-27 15:52:37,359 - INFO -    ✓ Fila 78: CGY76E / 1152439340 (MANTENER)
2026-03-27 15:52:37,359 - INFO -    ✓ Fila 79: CHT59G / 94433781 (MANTENER)
2026-03-27 15:52:37,360 - INFO -    ✓ Fila 80: CIO83H / 1001845464 (MANTENER)
2026-03-27 15:52:37,360 - INFO -    ✓ Fila 81: CIR80F / 1023936807 (MANTENER)
2026-03-27 15:52:37,360 - INFO -    ✓ Fila 82: CIY41G / 80242406 (MANTENER)
2026-03-27 15:52:37,361 - INFO -    ✓ Fila 83: CJT10G / 1143461333 (MANTENER)
2026-03-27 15:52:37,361 - INFO -    ✓ Fila 84: CKC76H / 1035971400 (MANTENER)
2026-03-27 15:52:37,361 - INFO -    ✓ Fila 85: CNO27G / 1047436560 (MANTENER)
2026-03-27 15:52:37,362 - INFO -    ✓ Fila 86: CNQ25G / 1143332350 (MANTENER)
2026-03-27 15:52:37,362 - INFO -    ✓ Fila 87: COU91E / 75080602 (MANTENER)
2026-03-27 15:52:37,363 - INFO -    ✓ Fila 88: CPB65E / 75082655 (MANTENER)
2026-03-27 15:52:37,363 - INFO -    ✓ Fila 89: CPG50H / 1115947780 (MANTENER)
2026-03-27 15:52:37,364 - INFO -    ✓ Fila 90: CPK24D / 15385997 (MANTENER)
2026-03-27 15:52:37,364 - INFO -    ✓ Fila 91: CQO41 / 1041150844 (MANTENER)
2026-03-27 15:52:37,365 - INFO -    ✓ Fila 92: CQT05 / 71260799 (MANTENER)
2026-03-27 15:52:37,366 - INFO -    ✓ Fila 93: CRG07F / 9103172 (MANTENER)
2026-03-27 15:52:37,366 - INFO -    ✓ Fila 94: CRN34F / 73572036 (MANTENER)
2026-03-27 15:52:37,367 - INFO -    ✓ Fila 95: CRN48G / 1021805032 (MANTENER)
2026-03-27 15:52:37,367 - INFO -    ✓ Fila 96: CSV58G / 1020222427 (MANTENER)
2026-03-27 15:52:37,367 - INFO -    ✓ Fila 97: CSW37F / 15174080 (MANTENER)
2026-03-27 15:52:37,367 - INFO -    ✓ Fila 98: CTB24G / 16493899 (MANTENER)
2026-03-27 15:52:37,368 - INFO -    ✓ Fila 99: CTU21G / 80733144 (MANTENER)
2026-03-27 15:52:37,368 - INFO -    ✓ Fila 100: CUM42H / 78751120 (MANTENER)
2026-03-27 15:52:37,368 - INFO -    ✓ Fila 101: CUY33E / 1005457212 (MANTENER)
2026-03-27 15:52:37,368 - INFO -    ✓ Fila 102: CVD36F / 72020789 (MANTENER)
2026-03-27 15:52:37,369 - INFO -    ✓ Fila 103: CVJ68F / 72266046 (MANTENER)
2026-03-27 15:52:37,369 - INFO -    ✓ Fila 104: CVV22E / 7919423 (MANTENER)
2026-03-27 15:52:37,369 - INFO -    ✓ Fila 105: CWI35H / 1143931759 (MANTENER)
2026-03-27 15:52:37,370 - INFO -    ✓ Fila 106: CXF91H / 1065130459 (MANTENER)
2026-03-27 15:52:37,370 - INFO -    ✓ Fila 107: CXH32H / 1118813130 (MANTENER)
2026-03-27 15:52:37,370 - INFO -    ✓ Fila 108: CZO46G / 1090491988 (MANTENER)
2026-03-27 15:52:37,371 - INFO -    ✓ Fila 109: CZP45E / 1056929079 (MANTENER)
2026-03-27 15:52:37,372 - INFO -    ✓ Fila 110: DAV08F / 15921096 (MANTENER)
2026-03-27 15:52:37,372 - INFO -    ✓ Fila 111: DBB53D / 1042765396 (MANTENER)
2026-03-27 15:52:37,372 - INFO -    ✓ Fila 112: DBU73F / 1128475307 (MANTENER)
2026-03-27 15:52:37,373 - INFO -    ✓ Fila 113: DCI52D / 1047218225 (MANTENER)
2026-03-27 15:52:37,373 - INFO -    ✓ Fila 114: DCJ69D / 1143250144 (MANTENER)
2026-03-27 15:52:37,374 - INFO -    ✓ Fila 115: DDE75F / 1082908746 (MANTENER)
2026-03-27 15:52:37,374 - INFO -    ✓ Fila 116: DDJ60H / 1048277223 (MANTENER)
2026-03-27 15:52:37,374 - INFO -    ✓ Fila 117: DDT31H / 1045714555 (MANTENER)
2026-03-27 15:52:37,375 - INFO -    ✓ Fila 118: DDX29H / 72289078 (MANTENER)
2026-03-27 15:52:37,375 - INFO -    ✓ Fila 119: DFA03E / 1045704834 (MANTENER)
2026-03-27 15:52:37,376 - INFO -    ✓ Fila 120: DFG92E / 1129568514 (MANTENER)
2026-03-27 15:52:37,376 - INFO -    ✓ Fila 121: DHF37E / 80214491 (MANTENER)
2026-03-27 15:52:37,377 - INFO -    ✓ Fila 122: DHI85E / 88002387 (MANTENER)
2026-03-27 15:52:37,377 - INFO -    ✓ Fila 123: DHK80F / 43583061 (MANTENER)
2026-03-27 15:52:37,377 - INFO -    ✓ Fila 124: DHU62G / 1010020995 (MANTENER)
2026-03-27 15:52:37,378 - INFO -    ✓ Fila 125: DHW25C / 12599441 (MANTENER)
2026-03-27 15:52:37,378 - INFO -    ✓ Fila 126: DIS52H / 1000252635 (MANTENER)
2026-03-27 15:52:37,379 - INFO -    ✓ Fila 127: DJN32F / 1085950724 (MANTENER)
2026-03-27 15:52:37,379 - INFO -    ✓ Fila 128: DKE30D / 77188463 (MANTENER)
2026-03-27 15:52:37,380 - INFO -    ✓ Fila 129: DKF16D / 1235339467 (MANTENER)
2026-03-27 15:52:37,381 - INFO -    ✓ Fila 130: DLG25H / 13744592 (MANTENER)
2026-03-27 15:52:37,381 - INFO -    ✓ Fila 131: DMK30E / 18519791 (MANTENER)
2026-03-27 15:52:37,382 - INFO -    ✓ Fila 132: DOA88C / 11204362 (MANTENER)
2026-03-27 15:52:37,382 - INFO -    ✓ Fila 133: DOI53H / 6343872 (MANTENER)
2026-03-27 15:52:37,383 - INFO -    ✓ Fila 134: DPH60H / 1144179552 (MANTENER)
2026-03-27 15:52:37,383 - INFO -    ✓ Fila 135: DPP23F / 1007958855 (MANTENER)
2026-03-27 15:52:37,383 - INFO -    ✓ Fila 136: DQE79G / 91288072 (MANTENER)
2026-03-27 15:52:37,384 - INFO -    ✓ Fila 137: DRV45F / 1050954941 (MANTENER)
2026-03-27 15:52:37,384 - INFO -    ✓ Fila 138: DSF45F / 73578605 (MANTENER)
2026-03-27 15:52:37,384 - INFO -    ✓ Fila 139: DSP51G / 14677055 (MANTENER)
2026-03-27 15:52:37,384 - INFO -    ✓ Fila 140: DSQ57F / 10930648 (MANTENER)
2026-03-27 15:52:37,385 - INFO -    ✓ Fila 141: DSU43G / 1102794230 (MANTENER)
2026-03-27 15:52:37,385 - INFO -    ✓ Fila 142: DSU56G / 92537751 (MANTENER)
2026-03-27 15:52:37,385 - INFO -    ✓ Fila 143: DVD14H / 87946752 (MANTENER)
2026-03-27 15:52:37,385 - INFO -    ✓ Fila 144: DVI65H / 16375143 (MANTENER)
2026-03-27 15:52:37,386 - INFO -    ✓ Fila 145: DVQ24H / 14638865 (MANTENER)
2026-03-27 15:52:37,386 - INFO -    ✓ Fila 146: DVX70H / 1143938055 (MANTENER)
2026-03-27 15:52:37,386 - INFO -    ✓ Fila 147: DWI72H / 1130627462 (MANTENER)
2026-03-27 15:52:37,387 - INFO -    ✓ Fila 148: AXE16F / 1019062538 (MANTENER)
2026-03-27 15:52:37,387 - INFO -    ✓ Fila 149: BMC50G / 1004564084 (MANTENER)
2026-03-27 15:52:37,387 - INFO -    ✓ Fila 150: CUM22H / 10781012 (MANTENER)
2026-03-27 15:52:37,388 - INFO -    ✓ Fila 151: DWR55D / 80162996 (MANTENER)
2026-03-27 15:52:37,388 - INFO -    ✓ Fila 152: DXA60F / 80153059 (MANTENER)
2026-03-27 15:52:37,388 - INFO -    ✓ Fila 153: DZI33E / 1129566246 (MANTENER)
2026-03-27 15:52:37,389 - INFO -    ✓ Fila 154: DZJ55H / 1047461272 (MANTENER)
2026-03-27 15:52:37,389 - INFO -    ✓ Fila 155: DZV79G / 1098784520 (MANTENER)
2026-03-27 15:52:37,389 - INFO -    ✓ Fila 156: EAP66G / 1121854941 (MANTENER)
2026-03-27 15:52:37,390 - INFO -    ✓ Fila 157: EAS47H / 73211808 (MANTENER)
2026-03-27 15:52:37,390 - INFO -    ✓ Fila 158: EBV82F / 1102838927 (MANTENER)
2026-03-27 15:52:37,390 - INFO -    ✓ Fila 159: EFJ86G / 79812388 (MANTENER)
2026-03-27 15:52:37,391 - INFO -    ✓ Fila 160: EGW66G / 8566889 (MANTENER)
2026-03-27 15:52:37,391 - INFO -    ✓ Fila 161: EHU66G / 1001819327 (MANTENER)
2026-03-27 15:52:37,391 - INFO -    ✓ Fila 162: EHZ30F / 91530020 (MANTENER)
2026-03-27 15:52:37,392 - INFO -    ✓ Fila 163: EIQ70G / 1045745971 (MANTENER)
2026-03-27 15:52:37,392 - INFO -    ✓ Fila 164: EIX29F / 1232594218 (MANTENER)
2026-03-27 15:52:37,393 - INFO -    ✓ Fila 165: EJN63F / 1047481213 (MANTENER)
2026-03-27 15:52:37,393 - INFO -    ✓ Fila 166: EJP02E / 71766508 (MANTENER)
2026-03-27 15:52:37,394 - INFO -    ✓ Fila 167: EJR95H / 1004798892 (MANTENER)
2026-03-27 15:52:37,394 - INFO -    ✓ Fila 168: EKU42G / 16939503 (MANTENER)
2026-03-27 15:52:37,394 - INFO -    ✓ Fila 169: EKW82B / 1098614724 (MANTENER)
2026-03-27 15:52:37,395 - INFO -    ✓ Fila 170: ELA72G / 94525977 (MANTENER)
2026-03-27 15:52:37,395 - INFO -    ✓ Fila 171: ELI96G / 94551116 (MANTENER)
2026-03-27 15:52:37,395 - INFO -    ✓ Fila 172: ELX41G / 94456424 (MANTENER)
2026-03-27 15:52:37,396 - INFO -    ✓ Fila 173: EMD76H / 1036688580 (MANTENER)
2026-03-27 15:52:37,396 - INFO -    ✓ Fila 174: EMF96F / 1102379930 (MANTENER)
2026-03-27 15:52:37,397 - INFO -    ✓ Fila 175: EMH77G / 16846381 (MANTENER)
2026-03-27 15:52:37,397 - INFO -    ✓ Fila 176: ENE82H / 1037595662 (MANTENER)
2026-03-27 15:52:37,398 - INFO -    ✓ Fila 177: ENX06E / 12646820 (MANTENER)
2026-03-27 15:52:37,398 - INFO -    ✓ Fila 178: EPT50E / 98588196 (MANTENER)
2026-03-27 15:52:37,399 - INFO -    ✓ Fila 179: EQE02F / 1035422344 (MANTENER)
2026-03-27 15:52:37,399 - INFO -    ✓ Fila 180: ERQ22G / 1007667639 (MANTENER)
2026-03-27 15:52:37,400 - INFO -    ✓ Fila 181: ETB72F / 6108181 (MANTENER)
2026-03-27 15:52:37,400 - INFO -    ✓ Fila 182: ETI91F / 1151969127 (MANTENER)
2026-03-27 15:52:37,400 - INFO -    ✓ Fila 183: ETZ03G / 1061763352 (MANTENER)
2026-03-27 15:52:37,401 - INFO -    ✓ Fila 184: EUX71E / 8851011 (MANTENER)
2026-03-27 15:52:37,401 - INFO -    ✓ Fila 185: EVK05E / 1050961505 (MANTENER)
2026-03-27 15:52:37,401 - INFO -    ✓ Fila 186: EVX16C / 73211334 (MANTENER)
2026-03-27 15:52:37,402 - INFO -    ✓ Fila 187: EXR95H / 1047479935 (MANTENER)
2026-03-27 15:52:37,402 - INFO -    ✓ Fila 188: EYN19E / 1082921822 (MANTENER)
2026-03-27 15:52:37,402 - INFO -    ✓ Fila 189: FAV23E / 7724070 (MANTENER)
2026-03-27 15:52:37,403 - INFO -    ✓ Fila 190: FBD01H / 1143247837 (MANTENER)
2026-03-27 15:52:37,403 - INFO -    ✓ Fila 191: FBD55F / 1090418327 (MANTENER)
2026-03-27 15:52:37,403 - INFO -    ✓ Fila 192: FEG57F / 3984176 (MANTENER)
2026-03-27 15:52:37,404 - INFO -    ✓ Fila 193: FGB43H / 1110590954 (MANTENER)
2026-03-27 15:52:37,404 - INFO -    ✓ Fila 194: FGM76C / 72009142 (MANTENER)
2026-03-27 15:52:37,404 - INFO -    ✓ Fila 195: FJP81F / 1070588309 (MANTENER)
2026-03-27 15:52:37,405 - INFO -    ✓ Fila 196: FMK52F / 1110582253 (MANTENER)
2026-03-27 15:52:37,405 - INFO -    ✓ Fila 197: FOC90G / 16761800 (MANTENER)
2026-03-27 15:52:37,405 - INFO -    ✓ Fila 198: FOD94E / 31480681 (MANTENER)
2026-03-27 15:52:37,405 - INFO -    ✓ Fila 199: FOQ23E / 73215618 (MANTENER)
2026-03-27 15:52:37,406 - INFO -    ✓ Fila 200: FRY94H / 1031135843 (MANTENER)
2026-03-27 15:52:37,406 - INFO -    ✓ Fila 201: FTA31G / 17591402 (MANTENER)
2026-03-27 15:52:37,406 - INFO -    ✓ Fila 202: FVG29F / 80017411 (MANTENER)
2026-03-27 15:52:37,407 - INFO -    ✓ Fila 203: FWA75H / 1013662414 (MANTENER)
2026-03-27 15:52:37,407 - INFO -    ✓ Fila 204: FWL46C / 1090427885 (MANTENER)
2026-03-27 15:52:37,408 - INFO -    ✓ Fila 205: FWY74G / 1001361203 (MANTENER)
2026-03-27 15:52:37,408 - INFO -    ✓ Fila 206: FWZ81G / 1093747543 (MANTENER)
2026-03-27 15:52:37,409 - INFO -    ✓ Fila 207: FYW47F / 72214952 (MANTENER)
2026-03-27 15:52:37,409 - INFO -    ✓ Fila 208: FZV60G / 1033370509 (MANTENER)
2026-03-27 15:52:37,409 - INFO -    ✓ Fila 209: GAQ69H / 1095788594 (MANTENER)
2026-03-27 15:52:37,409 - INFO -    ✓ Fila 210: GBU41F / 1070707861 (MANTENER)
2026-03-27 15:52:37,410 - INFO -    ✓ Fila 211: GCG05G / 1047379041 (MANTENER)
2026-03-27 15:52:37,410 - INFO -    ✓ Fila 212: GCQ66H / 1007437496 (MANTENER)
2026-03-27 15:52:37,410 - INFO -    ✓ Fila 213: GDC97G / 1051417653 (MANTENER)
2026-03-27 15:52:37,410 - INFO -    ✓ Fila 214: GDN03G / 1113660036 (MANTENER)
2026-03-27 15:52:37,410 - INFO -    ✓ Fila 215: GDU58F / 1233491372 (MANTENER)
2026-03-27 15:52:37,411 - INFO -    ✓ Fila 216: GDX53G / 16537024 (MANTENER)
2026-03-27 15:52:37,411 - INFO -    ✓ Fila 217: GEV25H / 1103103231 (MANTENER)
2026-03-27 15:52:37,412 - INFO -    ✓ Fila 218: GGA43H / 1019094768 (MANTENER)
2026-03-27 15:52:37,413 - INFO -    ✓ Fila 219: GGC03G / 1106888659 (MANTENER)
2026-03-27 15:52:37,413 - INFO -    ✓ Fila 220: GID48E / 79804105 (MANTENER)
2026-03-27 15:52:37,414 - INFO -    ✓ Fila 221: GJV09G / 6241290 (MANTENER)
2026-03-27 15:52:37,414 - INFO -    ✓ Fila 222: GKG48G / 1006315815 (MANTENER)
2026-03-27 15:52:37,414 - INFO -    ✓ Fila 223: GKH26F / 1143970584 (MANTENER)
2026-03-27 15:52:37,415 - INFO -    ✓ Fila 224: GLB86H / 14297120 (MANTENER)
2026-03-27 15:52:37,415 - INFO -    ✓ Fila 225: GNC09G / 9862453 (MANTENER)
2026-03-27 15:52:37,415 - INFO -    ✓ Fila 226: GNT14B / 94459873 (MANTENER)
2026-03-27 15:52:37,415 - INFO -    ✓ Fila 227: GNV93H / 10308220 (MANTENER)
2026-03-27 15:52:37,415 - INFO -    ✓ Fila 228: GOI86H / 1061687916 (MANTENER)
2026-03-27 15:52:37,416 - INFO -    ✓ Fila 229: GOM17F / 1193268731 (MANTENER)
2026-03-27 15:52:37,416 - INFO -    ✓ Fila 230: GRJ71H / 1082862541 (MANTENER)
2026-03-27 15:52:37,416 - INFO -    ✓ Fila 231: GSE81E / 91352112 (MANTENER)
2026-03-27 15:52:37,417 - INFO -    ✓ Fila 232: GSR10G / 7937210 (MANTENER)
2026-03-27 15:52:37,417 - INFO -    ✓ Fila 233: GTD26G / 1192727731 (MANTENER)
2026-03-27 15:52:37,417 - INFO -    ✓ Fila 234: GTD70G / 1047482206 (MANTENER)
2026-03-27 15:52:37,418 - INFO -    ✓ Fila 235: GTG15C / 7731635 (MANTENER)
2026-03-27 15:52:37,418 - INFO -    ✓ Fila 236: GTJ40H / 93437593 (MANTENER)
2026-03-27 15:52:37,418 - INFO -    ✓ Fila 237: GTL80H / 1105683451 (MANTENER)
2026-03-27 15:52:37,419 - INFO -    ✓ Fila 238: GTN88H / 1110552827 (MANTENER)
2026-03-27 15:52:37,419 - INFO -    ✓ Fila 239: GTS32G / 73205382 (MANTENER)
2026-03-27 15:52:37,419 - INFO -    ✓ Fila 240: GUR60F / 1234889561 (MANTENER)
2026-03-27 15:52:37,420 - INFO -    ✓ Fila 241: GUR77F / 1143262355 (MANTENER)
2026-03-27 15:52:37,420 - INFO -    ✓ Fila 242: GVC39F / 1104017240 (MANTENER)
2026-03-27 15:52:37,420 - INFO -    ✓ Fila 243: GXA78F / 92548629 (MANTENER)
2026-03-27 15:52:37,421 - INFO -    ✓ Fila 244: HAA65E / 9295869 (MANTENER)
2026-03-27 15:52:37,421 - INFO -    ✓ Fila 245: HAG02G / 1015454980 (MANTENER)
2026-03-27 15:52:37,421 - INFO -    ✓ Fila 246: HAW03F / 1102878330 (MANTENER)
2026-03-27 15:52:37,422 - WARNING -    ❌ DUPLICADO encontrado en fila 247: BCE87F / 1067955531
2026-03-27 15:52:37,422 - INFO -    ✓ Fila 248: EVR14F / 1143408610 (MANTENER)
2026-03-27 15:52:37,422 - INFO -    ✓ Fila 249: EXD86F / 72001701 (MANTENER)
2026-03-27 15:52:37,423 - INFO -    ✓ Fila 250: FOX60H / 1118300824 (MANTENER)
2026-03-27 15:52:37,423 - WARNING - 
🔄 ELIMINANDO 1 filas duplicadas...
2026-03-27 15:52:37,424 - INFO -    📋 Indices a eliminar: [246]
2026-03-27 15:52:37,722 - INFO - ✅ Se eliminaron 1 duplicados (batch)
2026-03-27 15:52:37,722 - INFO -    🗑️  Eliminada fila 247
2026-03-27 15:52:37,727 - INFO - 
======================================================================
2026-03-27 15:52:37,727 - INFO - 🧹 LIMPIANDO DUPLICADOS EN 'Datos Vehiculo'
2026-03-27 15:52:37,728 - INFO - ======================================================================
2026-03-27 15:52:40,092 - INFO - ✅ Hoja 'Datos Vehiculo' encontrada
2026-03-27 15:52:40,397 - INFO - 📊 Total de filas: 286
2026-03-27 15:52:40,398 - INFO - 📋 Encabezado: ['PLACA', 'NRO_LICENCIA_TRANSITO', 'ESTADO_VEHICULO', 'TIPO_SERVICIO', 'CLASE_VEHICULO']...
2026-03-27 15:52:40,398 - INFO - 📊 Datos: 285 registros
2026-03-27 15:52:40,398 - INFO -    ✓ Fila 2: ABH91G (MANTENER)
2026-03-27 15:52:40,398 - INFO -    ✓ Fila 3: ABK52G (MANTENER)
2026-03-27 15:52:40,399 - INFO -    ✓ Fila 4: ABL97G (MANTENER)
2026-03-27 15:52:40,399 - INFO -    ✓ Fila 5: ABP39E (MANTENER)
2026-03-27 15:52:40,399 - INFO -    ✓ Fila 6: ABZ62G (MANTENER)
2026-03-27 15:52:40,400 - INFO -    ✓ Fila 7: ADM14E (MANTENER)
2026-03-27 15:52:40,400 - INFO -    ✓ Fila 8: ADT37G (MANTENER)
2026-03-27 15:52:40,400 - INFO -    ✓ Fila 9: ADX54G (MANTENER)
2026-03-27 15:52:40,400 - INFO -    ✓ Fila 10: AEU21G (MANTENER)
2026-03-27 15:52:40,401 - INFO -    ✓ Fila 11: AEW59H (MANTENER)
2026-03-27 15:52:40,401 - INFO -    ✓ Fila 12: AFO09G (MANTENER)
2026-03-27 15:52:40,401 - INFO -    ✓ Fila 13: AFW80E (MANTENER)
2026-03-27 15:52:40,402 - INFO -    ✓ Fila 14: AGQ33G (MANTENER)
2026-03-27 15:52:40,402 - INFO -    ✓ Fila 15: AGR72G (MANTENER)
2026-03-27 15:52:40,402 - INFO -    ✓ Fila 16: AHW55H (MANTENER)
2026-03-27 15:52:40,402 - INFO -    ✓ Fila 17: AIC84H (MANTENER)
2026-03-27 15:52:40,403 - INFO -    ✓ Fila 18: AJJ78E (MANTENER)
2026-03-27 15:52:40,403 - INFO -    ✓ Fila 19: AJQ09H (MANTENER)
2026-03-27 15:52:40,403 - INFO -    ✓ Fila 20: AKW27G (MANTENER)
2026-03-27 15:52:40,404 - INFO -    ✓ Fila 21: ALJ46F (MANTENER)
2026-03-27 15:52:40,404 - INFO -    ✓ Fila 22: AMX16D (MANTENER)
2026-03-27 15:52:40,405 - INFO -    ✓ Fila 23: APS74F (MANTENER)
2026-03-27 15:52:40,405 - INFO -    ✓ Fila 24: AQX54F (MANTENER)
2026-03-27 15:52:40,405 - INFO -    ✓ Fila 25: ARA77H (MANTENER)
2026-03-27 15:52:40,406 - INFO -    ✓ Fila 26: ARH84F (MANTENER)
2026-03-27 15:52:40,406 - INFO -    ✓ Fila 27: ARK24H (MANTENER)
2026-03-27 15:52:40,406 - INFO -    ✓ Fila 28: ARK77H (MANTENER)
2026-03-27 15:52:40,406 - INFO -    ✓ Fila 29: ASU81H (MANTENER)
2026-03-27 15:52:40,407 - INFO -    ✓ Fila 30: ATI02E (MANTENER)
2026-03-27 15:52:40,407 - INFO -    ✓ Fila 31: AVR08F (MANTENER)
2026-03-27 15:52:40,407 - INFO -    ✓ Fila 32: AYJ99I (MANTENER)
2026-03-27 15:52:40,407 - INFO -    ✓ Fila 33: AZC80G (MANTENER)
2026-03-27 15:52:40,408 - INFO -    ✓ Fila 34: AZV10H (MANTENER)
2026-03-27 15:52:40,408 - INFO -    ✓ Fila 35: BBC94H (MANTENER)
2026-03-27 15:52:40,408 - INFO -    ✓ Fila 36: BCA16G (MANTENER)
2026-03-27 15:52:40,408 - INFO -    ✓ Fila 37: BCE87F (MANTENER)
2026-03-27 15:52:40,409 - INFO -    ✓ Fila 38: BCX37F (MANTENER)
2026-03-27 15:52:40,409 - INFO -    ✓ Fila 39: BDP06E (MANTENER)
2026-03-27 15:52:40,409 - INFO -    ✓ Fila 40: BEM92C (MANTENER)
2026-03-27 15:52:40,409 - INFO -    ✓ Fila 41: BEW14G (MANTENER)
2026-03-27 15:52:40,410 - INFO -    ✓ Fila 42: BFG68F (MANTENER)
2026-03-27 15:52:40,410 - INFO -    ✓ Fila 43: BFS42G (MANTENER)
2026-03-27 15:52:40,410 - INFO -    ✓ Fila 44: BHJ08G (MANTENER)
2026-03-27 15:52:40,410 - INFO -    ✓ Fila 45: BHJ76H (MANTENER)
2026-03-27 15:52:40,411 - INFO -    ✓ Fila 46: BHV03G (MANTENER)
2026-03-27 15:52:40,411 - INFO -    ✓ Fila 47: BJQ20 (MANTENER)
2026-03-27 15:52:40,411 - INFO -    ✓ Fila 48: BJV19H (MANTENER)
2026-03-27 15:52:40,411 - INFO -    ✓ Fila 49: BLB66H (MANTENER)
2026-03-27 15:52:40,412 - INFO -    ✓ Fila 50: BLY29F (MANTENER)
2026-03-27 15:52:40,412 - INFO -    ✓ Fila 51: BMG33F (MANTENER)
2026-03-27 15:52:40,412 - INFO -    ✓ Fila 52: BOV17H (MANTENER)
2026-03-27 15:52:40,412 - INFO -    ✓ Fila 53: BPJ35H (MANTENER)
2026-03-27 15:52:40,413 - INFO -    ✓ Fila 54: BPO29H (MANTENER)
2026-03-27 15:52:40,413 - INFO -    ✓ Fila 55: BQD21E (MANTENER)
2026-03-27 15:52:40,413 - INFO -    ✓ Fila 56: BRD68G (MANTENER)
2026-03-27 15:52:40,413 - INFO -    ✓ Fila 57: BRG67G (MANTENER)
2026-03-27 15:52:40,414 - INFO -    ✓ Fila 58: BRX50F (MANTENER)
2026-03-27 15:52:40,414 - INFO -    ✓ Fila 59: BSA40F (MANTENER)
2026-03-27 15:52:40,414 - INFO -    ✓ Fila 60: BSD29F (MANTENER)
2026-03-27 15:52:40,415 - INFO -    ✓ Fila 61: BSF38F (MANTENER)
2026-03-27 15:52:40,415 - INFO -    ✓ Fila 62: BTO12G (MANTENER)
2026-03-27 15:52:40,415 - INFO -    ✓ Fila 63: BWQ77F (MANTENER)
2026-03-27 15:52:40,416 - INFO -    ✓ Fila 64: BYA54H (MANTENER)
2026-03-27 15:52:40,416 - INFO -    ✓ Fila 65: BYI35G (MANTENER)
2026-03-27 15:52:40,416 - INFO -    ✓ Fila 66: BYO72F (MANTENER)
2026-03-27 15:52:40,417 - INFO -    ✓ Fila 67: BZC25D (MANTENER)
2026-03-27 15:52:40,417 - INFO -    ✓ Fila 68: CAB33G (MANTENER)
2026-03-27 15:52:40,417 - INFO -    ✓ Fila 69: CBO27G (MANTENER)
2026-03-27 15:52:40,418 - INFO -    ✓ Fila 70: CCD37G (MANTENER)
2026-03-27 15:52:40,418 - INFO -    ✓ Fila 71: CCK77G (MANTENER)
2026-03-27 15:52:40,419 - INFO -    ✓ Fila 72: CCX64F (MANTENER)
2026-03-27 15:52:40,419 - INFO -    ✓ Fila 73: CDM21H (MANTENER)
2026-03-27 15:52:40,420 - INFO -    ✓ Fila 74: CEI86F (MANTENER)
2026-03-27 15:52:40,420 - INFO -    ✓ Fila 75: CFZ95G (MANTENER)
2026-03-27 15:52:40,420 - INFO -    ✓ Fila 76: CGF99G (MANTENER)
2026-03-27 15:52:40,421 - INFO -    ✓ Fila 77: CGY76E (MANTENER)
2026-03-27 15:52:40,421 - INFO -    ✓ Fila 78: CHT59G (MANTENER)
2026-03-27 15:52:40,422 - INFO -    ✓ Fila 79: CIO83H (MANTENER)
2026-03-27 15:52:40,422 - INFO -    ✓ Fila 80: CIR80F (MANTENER)
2026-03-27 15:52:40,422 - INFO -    ✓ Fila 81: CIY41G (MANTENER)
2026-03-27 15:52:40,423 - INFO -    ✓ Fila 82: CJT10G (MANTENER)
2026-03-27 15:52:40,423 - INFO -    ✓ Fila 83: CKC76H (MANTENER)
2026-03-27 15:52:40,423 - INFO -    ✓ Fila 84: CNO27G (MANTENER)
2026-03-27 15:52:40,423 - INFO -    ✓ Fila 85: CNQ25G (MANTENER)
2026-03-27 15:52:40,424 - INFO -    ✓ Fila 86: COU91E (MANTENER)
2026-03-27 15:52:40,425 - INFO -    ✓ Fila 87: CPB65E (MANTENER)
2026-03-27 15:52:40,425 - INFO -    ✓ Fila 88: CPG50H (MANTENER)
2026-03-27 15:52:40,425 - INFO -    ✓ Fila 89: CPK24D (MANTENER)
2026-03-27 15:52:40,426 - INFO -    ✓ Fila 90: CQO41 (MANTENER)
2026-03-27 15:52:40,426 - INFO -    ✓ Fila 91: CQT05 (MANTENER)
2026-03-27 15:52:40,426 - INFO -    ✓ Fila 92: CRG07F (MANTENER)
2026-03-27 15:52:40,426 - INFO -    ✓ Fila 93: CRN34F (MANTENER)
2026-03-27 15:52:40,427 - INFO -    ✓ Fila 94: CRN48G (MANTENER)
2026-03-27 15:52:40,427 - INFO -    ✓ Fila 95: CSV58G (MANTENER)
2026-03-27 15:52:40,427 - INFO -    ✓ Fila 96: CSW37F (MANTENER)
2026-03-27 15:52:40,427 - INFO -    ✓ Fila 97: CTB24G (MANTENER)
2026-03-27 15:52:40,428 - INFO -    ✓ Fila 98: CTU21G (MANTENER)
2026-03-27 15:52:40,428 - INFO -    ✓ Fila 99: CUM42H (MANTENER)
2026-03-27 15:52:40,428 - INFO -    ✓ Fila 100: CUY33E (MANTENER)
2026-03-27 15:52:40,429 - INFO -    ✓ Fila 101: CVD36F (MANTENER)
2026-03-27 15:52:40,429 - INFO -    ✓ Fila 102: CVJ68F (MANTENER)
2026-03-27 15:52:40,429 - INFO -    ✓ Fila 103: CVV22E (MANTENER)
2026-03-27 15:52:40,429 - INFO -    ✓ Fila 104: CWI35H (MANTENER)
2026-03-27 15:52:40,430 - INFO -    ✓ Fila 105: CXF91H (MANTENER)
2026-03-27 15:52:40,430 - INFO -    ✓ Fila 106: CXH32H (MANTENER)
2026-03-27 15:52:40,430 - INFO -    ✓ Fila 107: CZO46G (MANTENER)
2026-03-27 15:52:40,431 - INFO -    ✓ Fila 108: CZP45E (MANTENER)
2026-03-27 15:52:40,431 - INFO -    ✓ Fila 109: DAV08F (MANTENER)
2026-03-27 15:52:40,431 - INFO -    ✓ Fila 110: DBB53D (MANTENER)
2026-03-27 15:52:40,432 - INFO -    ✓ Fila 111: DBU73F (MANTENER)
2026-03-27 15:52:40,432 - INFO -    ✓ Fila 112: DCI52D (MANTENER)
2026-03-27 15:52:40,433 - INFO -    ✓ Fila 113: DCJ69D (MANTENER)
2026-03-27 15:52:40,433 - INFO -    ✓ Fila 114: DDE75F (MANTENER)
2026-03-27 15:52:40,433 - INFO -    ✓ Fila 115: DDJ60H (MANTENER)
2026-03-27 15:52:40,434 - INFO -    ✓ Fila 116: DDT31H (MANTENER)
2026-03-27 15:52:40,435 - INFO -    ✓ Fila 117: DDX29H (MANTENER)
2026-03-27 15:52:40,435 - INFO -    ✓ Fila 118: DFA03E (MANTENER)
2026-03-27 15:52:40,436 - INFO -    ✓ Fila 119: DFG92E (MANTENER)
2026-03-27 15:52:40,436 - INFO -    ✓ Fila 120: DHF37E (MANTENER)
2026-03-27 15:52:40,437 - INFO -    ✓ Fila 121: DHI85E (MANTENER)
2026-03-27 15:52:40,437 - INFO -    ✓ Fila 122: DHK80F (MANTENER)
2026-03-27 15:52:40,437 - INFO -    ✓ Fila 123: DHU62G (MANTENER)
2026-03-27 15:52:40,437 - INFO -    ✓ Fila 124: DHW25C (MANTENER)
2026-03-27 15:52:40,438 - INFO -    ✓ Fila 125: DIS52H (MANTENER)
2026-03-27 15:52:40,438 - INFO -    ✓ Fila 126: DJN32F (MANTENER)
2026-03-27 15:52:40,438 - INFO -    ✓ Fila 127: DKE30D (MANTENER)
2026-03-27 15:52:40,439 - INFO -    ✓ Fila 128: DKF16D (MANTENER)
2026-03-27 15:52:40,439 - INFO -    ✓ Fila 129: DLG25H (MANTENER)
2026-03-27 15:52:40,440 - INFO -    ✓ Fila 130: DMK30E (MANTENER)
2026-03-27 15:52:40,441 - INFO -    ✓ Fila 131: DOA88C (MANTENER)
2026-03-27 15:52:40,441 - INFO -    ✓ Fila 132: DOI53H (MANTENER)
2026-03-27 15:52:40,441 - INFO -    ✓ Fila 133: DPH60H (MANTENER)
2026-03-27 15:52:40,441 - INFO -    ✓ Fila 134: DPP23F (MANTENER)
2026-03-27 15:52:40,442 - INFO -    ✓ Fila 135: DQE79G (MANTENER)
2026-03-27 15:52:40,442 - INFO -    ✓ Fila 136: DRV45F (MANTENER)
2026-03-27 15:52:40,442 - INFO -    ✓ Fila 137: DSF45F (MANTENER)
2026-03-27 15:52:40,443 - INFO -    ✓ Fila 138: DSP51G (MANTENER)
2026-03-27 15:52:40,443 - INFO -    ✓ Fila 139: DSQ57F (MANTENER)
2026-03-27 15:52:40,443 - INFO -    ✓ Fila 140: DSU43G (MANTENER)
2026-03-27 15:52:40,444 - INFO -    ✓ Fila 141: DSU56G (MANTENER)
2026-03-27 15:52:40,444 - INFO -    ✓ Fila 142: DVD14H (MANTENER)
2026-03-27 15:52:40,444 - INFO -    ✓ Fila 143: DVI65H (MANTENER)
2026-03-27 15:52:40,445 - INFO -    ✓ Fila 144: DVQ24H (MANTENER)
2026-03-27 15:52:40,445 - INFO -    ✓ Fila 145: DVX70H (MANTENER)
2026-03-27 15:52:40,446 - INFO -    ✓ Fila 146: DWI72H (MANTENER)
2026-03-27 15:52:40,446 - INFO -    ✓ Fila 147: AXE16F (MANTENER)
2026-03-27 15:52:40,446 - INFO -    ✓ Fila 148: BMC50G (MANTENER)
2026-03-27 15:52:40,447 - INFO -    ✓ Fila 149: CUM22H (MANTENER)
2026-03-27 15:52:40,447 - INFO -    ✓ Fila 150: DWR55D (MANTENER)
2026-03-27 15:52:40,447 - INFO -    ✓ Fila 151: DXA60F (MANTENER)
2026-03-27 15:52:40,447 - INFO -    ✓ Fila 152: DZI33E (MANTENER)
2026-03-27 15:52:40,448 - INFO -    ✓ Fila 153: DZJ55H (MANTENER)
2026-03-27 15:52:40,448 - INFO -    ✓ Fila 154: DZV79G (MANTENER)
2026-03-27 15:52:40,448 - INFO -    ✓ Fila 155: EAP66G (MANTENER)
2026-03-27 15:52:40,449 - INFO -    ✓ Fila 156: EAS47H (MANTENER)
2026-03-27 15:52:40,449 - INFO -    ✓ Fila 157: EBV82F (MANTENER)
2026-03-27 15:52:40,449 - INFO -    ✓ Fila 158: EFJ86G (MANTENER)
2026-03-27 15:52:40,450 - INFO -    ✓ Fila 159: EGW66G (MANTENER)
2026-03-27 15:52:40,450 - INFO -    ✓ Fila 160: EHU66G (MANTENER)
2026-03-27 15:52:40,451 - INFO -    ✓ Fila 161: EHZ30F (MANTENER)
2026-03-27 15:52:40,451 - INFO -    ✓ Fila 162: EIQ70G (MANTENER)
2026-03-27 15:52:40,452 - INFO -    ✓ Fila 163: EIX29F (MANTENER)
2026-03-27 15:52:40,452 - INFO -    ✓ Fila 164: EJN63F (MANTENER)
2026-03-27 15:52:40,452 - INFO -    ✓ Fila 165: EJP02E (MANTENER)
2026-03-27 15:52:40,453 - INFO -    ✓ Fila 166: EJR95H (MANTENER)
2026-03-27 15:52:40,453 - INFO -    ✓ Fila 167: EKU42G (MANTENER)
2026-03-27 15:52:40,453 - INFO -    ✓ Fila 168: EKW82B (MANTENER)
2026-03-27 15:52:40,454 - INFO -    ✓ Fila 169: ELA72G (MANTENER)
2026-03-27 15:52:40,454 - INFO -    ✓ Fila 170: ELI96G (MANTENER)
2026-03-27 15:52:40,454 - INFO -    ✓ Fila 171: ELX41G (MANTENER)
2026-03-27 15:52:40,454 - INFO -    ✓ Fila 172: EMD76H (MANTENER)
2026-03-27 15:52:40,455 - INFO -    ✓ Fila 173: EMF96F (MANTENER)
2026-03-27 15:52:40,455 - INFO -    ✓ Fila 174: EMH77G (MANTENER)
2026-03-27 15:52:40,455 - INFO -    ✓ Fila 175: ENE82H (MANTENER)
2026-03-27 15:52:40,456 - INFO -    ✓ Fila 176: ENX06E (MANTENER)
2026-03-27 15:52:40,456 - INFO -    ✓ Fila 177: EPT50E (MANTENER)
2026-03-27 15:52:40,456 - INFO -    ✓ Fila 178: EQE02F (MANTENER)
2026-03-27 15:52:40,456 - INFO -    ✓ Fila 179: ERQ22G (MANTENER)
2026-03-27 15:52:40,457 - INFO -    ✓ Fila 180: ETB72F (MANTENER)
2026-03-27 15:52:40,457 - INFO -    ✓ Fila 181: ETI91F (MANTENER)
2026-03-27 15:52:40,457 - INFO -    ✓ Fila 182: ETZ03G (MANTENER)
2026-03-27 15:52:40,457 - INFO -    ✓ Fila 183: EUX71E (MANTENER)
2026-03-27 15:52:40,458 - INFO -    ✓ Fila 184: EVK05E (MANTENER)
2026-03-27 15:52:40,458 - INFO -    ✓ Fila 185: EVX16C (MANTENER)
2026-03-27 15:52:40,458 - INFO -    ✓ Fila 186: EXR95H (MANTENER)
2026-03-27 15:52:40,459 - INFO -    ✓ Fila 187: EYN19E (MANTENER)
2026-03-27 15:52:40,459 - INFO -    ✓ Fila 188: FAV23E (MANTENER)
2026-03-27 15:52:40,460 - INFO -    ✓ Fila 189: FBD01H (MANTENER)
2026-03-27 15:52:40,460 - INFO -    ✓ Fila 190: FBD55F (MANTENER)
2026-03-27 15:52:40,460 - INFO -    ✓ Fila 191: FEG57F (MANTENER)
2026-03-27 15:52:40,460 - INFO -    ✓ Fila 192: FGB43H (MANTENER)
2026-03-27 15:52:40,461 - INFO -    ✓ Fila 193: FGM76C (MANTENER)
2026-03-27 15:52:40,461 - INFO -    ✓ Fila 194: FJP81F (MANTENER)
2026-03-27 15:52:40,461 - INFO -    ✓ Fila 195: FMK52F (MANTENER)
2026-03-27 15:52:40,461 - INFO -    ✓ Fila 196: FOC90G (MANTENER)
2026-03-27 15:52:40,462 - INFO -    ✓ Fila 197: FOD94E (MANTENER)
2026-03-27 15:52:40,462 - INFO -    ✓ Fila 198: FOQ23E (MANTENER)
2026-03-27 15:52:40,462 - INFO -    ✓ Fila 199: FRY94H (MANTENER)
2026-03-27 15:52:40,462 - INFO -    ✓ Fila 200: FTA31G (MANTENER)
2026-03-27 15:52:40,462 - INFO -    ✓ Fila 201: FVG29F (MANTENER)
2026-03-27 15:52:40,463 - INFO -    ✓ Fila 202: FWA75H (MANTENER)
2026-03-27 15:52:40,463 - INFO -    ✓ Fila 203: FWL46C (MANTENER)
2026-03-27 15:52:40,463 - INFO -    ✓ Fila 204: FWY74G (MANTENER)
2026-03-27 15:52:40,464 - INFO -    ✓ Fila 205: FWZ81G (MANTENER)
2026-03-27 15:52:40,464 - INFO -    ✓ Fila 206: FYW47F (MANTENER)
2026-03-27 15:52:40,464 - INFO -    ✓ Fila 207: FZV60G (MANTENER)
2026-03-27 15:52:40,465 - INFO -    ✓ Fila 208: GAQ69H (MANTENER)
2026-03-27 15:52:40,465 - INFO -    ✓ Fila 209: GBU41F (MANTENER)
2026-03-27 15:52:40,465 - INFO -    ✓ Fila 210: GCG05G (MANTENER)
2026-03-27 15:52:40,466 - INFO -    ✓ Fila 211: GCQ66H (MANTENER)
2026-03-27 15:52:40,466 - INFO -    ✓ Fila 212: GDC97G (MANTENER)
2026-03-27 15:52:40,467 - INFO -    ✓ Fila 213: GDN03G (MANTENER)
2026-03-27 15:52:40,467 - INFO -    ✓ Fila 214: GDU58F (MANTENER)
2026-03-27 15:52:40,468 - INFO -    ✓ Fila 215: GDX53G (MANTENER)
2026-03-27 15:52:40,469 - INFO -    ✓ Fila 216: GEV25H (MANTENER)
2026-03-27 15:52:40,469 - INFO -    ✓ Fila 217: GGA43H (MANTENER)
2026-03-27 15:52:40,470 - INFO -    ✓ Fila 218: GGC03G (MANTENER)
2026-03-27 15:52:40,471 - INFO -    ✓ Fila 219: GID48E (MANTENER)
2026-03-27 15:52:40,471 - INFO -    ✓ Fila 220: GJV09G (MANTENER)
2026-03-27 15:52:40,472 - INFO -    ✓ Fila 221: GKG48G (MANTENER)
2026-03-27 15:52:40,472 - INFO -    ✓ Fila 222: GKH26F (MANTENER)
2026-03-27 15:52:40,472 - INFO -    ✓ Fila 223: GLB86H (MANTENER)
2026-03-27 15:52:40,472 - INFO -    ✓ Fila 224: GNC09G (MANTENER)
2026-03-27 15:52:40,473 - INFO -    ✓ Fila 225: GNT14B (MANTENER)
2026-03-27 15:52:40,473 - INFO -    ✓ Fila 226: GNV93H (MANTENER)
2026-03-27 15:52:40,473 - INFO -    ✓ Fila 227: GOI86H (MANTENER)
2026-03-27 15:52:40,474 - INFO -    ✓ Fila 228: GOM17F (MANTENER)
2026-03-27 15:52:40,474 - INFO -    ✓ Fila 229: GRJ71H (MANTENER)
2026-03-27 15:52:40,474 - INFO -    ✓ Fila 230: GSE81E (MANTENER)
2026-03-27 15:52:40,475 - INFO -    ✓ Fila 231: GSR10G (MANTENER)
2026-03-27 15:52:40,475 - INFO -    ✓ Fila 232: GTD26G (MANTENER)
2026-03-27 15:52:40,475 - INFO -    ✓ Fila 233: GTD70G (MANTENER)
2026-03-27 15:52:40,476 - INFO -    ✓ Fila 234: GTG15C (MANTENER)
2026-03-27 15:52:40,476 - INFO -    ✓ Fila 235: GTJ40H (MANTENER)
2026-03-27 15:52:40,476 - INFO -    ✓ Fila 236: GTL80H (MANTENER)
2026-03-27 15:52:40,476 - INFO -    ✓ Fila 237: GTN88H (MANTENER)
2026-03-27 15:52:40,477 - INFO -    ✓ Fila 238: GTS32G (MANTENER)
2026-03-27 15:52:40,477 - INFO -    ✓ Fila 239: GUR60F (MANTENER)
2026-03-27 15:52:40,477 - INFO -    ✓ Fila 240: GUR77F (MANTENER)
2026-03-27 15:52:40,477 - INFO -    ✓ Fila 241: GVC39F (MANTENER)
2026-03-27 15:52:40,477 - INFO -    ✓ Fila 242: GXA78F (MANTENER)
2026-03-27 15:52:40,478 - INFO -    ✓ Fila 243: HAA65E (MANTENER)
2026-03-27 15:52:40,478 - INFO -    ✓ Fila 244: HAG02G (MANTENER)
2026-03-27 15:52:40,478 - INFO -    ✓ Fila 245: HAW03F (MANTENER)
2026-03-27 15:52:40,479 - WARNING -    ❌ DUPLICADO encontrado en fila 246: GKG48G
2026-03-27 15:52:40,479 - WARNING -    ❌ DUPLICADO encontrado en fila 247: GVC39F
2026-03-27 15:52:40,480 - WARNING -    ❌ DUPLICADO encontrado en fila 248: GKG48G
2026-03-27 15:52:40,480 - WARNING -    ❌ DUPLICADO encontrado en fila 249: GVC39F
2026-03-27 15:52:40,480 - WARNING -    ❌ DUPLICADO encontrado en fila 250: BCE87F
2026-03-27 15:52:40,480 - WARNING -    ❌ DUPLICADO encontrado en fila 251: DDE75F
2026-03-27 15:52:40,481 - WARNING -    ❌ DUPLICADO encontrado en fila 252: GCG05G
2026-03-27 15:52:40,481 - WARNING -    ❌ DUPLICADO encontrado en fila 253: GID48E
2026-03-27 15:52:40,481 - WARNING -    ❌ DUPLICADO encontrado en fila 254: DHF37E
2026-03-27 15:52:40,482 - WARNING -    ❌ DUPLICADO encontrado en fila 255: ETI91F
2026-03-27 15:52:40,482 - WARNING -    ❌ DUPLICADO encontrado en fila 256: EMF96F
2026-03-27 15:52:40,482 - WARNING -    ❌ DUPLICADO encontrado en fila 257: GVC39F
2026-03-27 15:52:40,483 - WARNING -    ❌ DUPLICADO encontrado en fila 258: BCE87F
2026-03-27 15:52:40,484 - WARNING -    ❌ DUPLICADO encontrado en fila 259: CRN34F
2026-03-27 15:52:40,484 - WARNING -    ❌ DUPLICADO encontrado en fila 260: BMC50G
2026-03-27 15:52:40,485 - WARNING -    ❌ DUPLICADO encontrado en fila 261: FWY74G
2026-03-27 15:52:40,485 - WARNING -    ❌ DUPLICADO encontrado en fila 262: DDE75F
2026-03-27 15:52:40,485 - WARNING -    ❌ DUPLICADO encontrado en fila 263: GID48E
2026-03-27 15:52:40,486 - WARNING -    ❌ DUPLICADO encontrado en fila 264: GKG48G
2026-03-27 15:52:40,486 - WARNING -    ❌ DUPLICADO encontrado en fila 265: GVC39F
2026-03-27 15:52:40,486 - WARNING -    ❌ DUPLICADO encontrado en fila 266: BCE87F
2026-03-27 15:52:40,486 - WARNING -    ❌ DUPLICADO encontrado en fila 267: DDE75F
2026-03-27 15:52:40,487 - WARNING -    ❌ DUPLICADO encontrado en fila 268: GCG05G
2026-03-27 15:52:40,487 - WARNING -    ❌ DUPLICADO encontrado en fila 269: GID48E
2026-03-27 15:52:40,487 - WARNING -    ❌ DUPLICADO encontrado en fila 270: DHF37E
2026-03-27 15:52:40,487 - WARNING -    ❌ DUPLICADO encontrado en fila 271: ETI91F
2026-03-27 15:52:40,488 - WARNING -    ❌ DUPLICADO encontrado en fila 272: EMF96F
2026-03-27 15:52:40,488 - WARNING -    ❌ DUPLICADO encontrado en fila 273: BCE87F
2026-03-27 15:52:40,488 - WARNING -    ❌ DUPLICADO encontrado en fila 274: BMC50G
2026-03-27 15:52:40,489 - WARNING -    ❌ DUPLICADO encontrado en fila 275: BSA40F
2026-03-27 15:52:40,489 - WARNING -    ❌ DUPLICADO encontrado en fila 276: BSD29F
2026-03-27 15:52:40,489 - WARNING -    ❌ DUPLICADO encontrado en fila 277: CRN34F
2026-03-27 15:52:40,490 - WARNING -    ❌ DUPLICADO encontrado en fila 278: DDE75F
2026-03-27 15:52:40,490 - WARNING -    ❌ DUPLICADO encontrado en fila 279: DHF37E
2026-03-27 15:52:40,490 - WARNING -    ❌ DUPLICADO encontrado en fila 280: EIQ70G
2026-03-27 15:52:40,491 - WARNING -    ❌ DUPLICADO encontrado en fila 281: EMF96F
2026-03-27 15:52:40,491 - WARNING -    ❌ DUPLICADO encontrado en fila 282: ETI91F
2026-03-27 15:52:40,491 - INFO -    ✓ Fila 283: EVR14F (MANTENER)
2026-03-27 15:52:40,491 - INFO -    ✓ Fila 284: EXD86F (MANTENER)
2026-03-27 15:52:40,492 - INFO -    ✓ Fila 285: FOX60H (MANTENER)
2026-03-27 15:52:40,492 - WARNING -    ❌ DUPLICADO encontrado en fila 286: FWY74G
2026-03-27 15:52:40,492 - WARNING - 
🔄 ELIMINANDO 38 filas duplicadas...
2026-03-27 15:52:40,756 - INFO - ✅ Se eliminaron 38 duplicados (batch)
2026-03-27 15:52:40,757 - INFO -    🗑️  Eliminada fila 246
2026-03-27 15:52:40,757 - INFO -    🗑️  Eliminada fila 247
2026-03-27 15:52:40,757 - INFO -    🗑️  Eliminada fila 248
2026-03-27 15:52:40,758 - INFO -    🗑️  Eliminada fila 249
2026-03-27 15:52:40,758 - INFO -    🗑️  Eliminada fila 250
2026-03-27 15:52:40,758 - INFO -    🗑️  Eliminada fila 251
2026-03-27 15:52:40,758 - INFO -    🗑️  Eliminada fila 252
2026-03-27 15:52:40,759 - INFO -    🗑️  Eliminada fila 253
2026-03-27 15:52:40,759 - INFO -    🗑️  Eliminada fila 254
2026-03-27 15:52:40,759 - INFO -    🗑️  Eliminada fila 255
2026-03-27 15:52:40,760 - INFO -    🗑️  Eliminada fila 256
2026-03-27 15:52:40,760 - INFO -    🗑️  Eliminada fila 257
2026-03-27 15:52:40,760 - INFO -    🗑️  Eliminada fila 258
2026-03-27 15:52:40,761 - INFO -    🗑️  Eliminada fila 259
2026-03-27 15:52:40,761 - INFO -    🗑️  Eliminada fila 260
2026-03-27 15:52:40,761 - INFO -    🗑️  Eliminada fila 261
2026-03-27 15:52:40,761 - INFO -    🗑️  Eliminada fila 262
2026-03-27 15:52:40,762 - INFO -    🗑️  Eliminada fila 263
2026-03-27 15:52:40,762 - INFO -    🗑️  Eliminada fila 264
2026-03-27 15:52:40,763 - INFO -    🗑️  Eliminada fila 265
2026-03-27 15:52:40,763 - INFO -    🗑️  Eliminada fila 266
2026-03-27 15:52:40,764 - INFO -    🗑️  Eliminada fila 267
2026-03-27 15:52:40,764 - INFO -    🗑️  Eliminada fila 268
2026-03-27 15:52:40,764 - INFO -    🗑️  Eliminada fila 269
2026-03-27 15:52:40,765 - INFO -    🗑️  Eliminada fila 270
2026-03-27 15:52:40,765 - INFO -    🗑️  Eliminada fila 271
2026-03-27 15:52:40,765 - INFO -    🗑️  Eliminada fila 272
2026-03-27 15:52:40,766 - INFO -    🗑️  Eliminada fila 273
2026-03-27 15:52:40,766 - INFO -    🗑️  Eliminada fila 274
2026-03-27 15:52:40,767 - INFO -    🗑️  Eliminada fila 275
2026-03-27 15:52:40,767 - INFO -    🗑️  Eliminada fila 276
2026-03-27 15:52:40,768 - INFO -    🗑️  Eliminada fila 277
2026-03-27 15:52:40,768 - INFO -    🗑️  Eliminada fila 278
2026-03-27 15:52:40,769 - INFO -    🗑️  Eliminada fila 279
2026-03-27 15:52:40,769 - INFO -    🗑️  Eliminada fila 280
2026-03-27 15:52:40,769 - INFO -    🗑️  Eliminada fila 281
2026-03-27 15:52:40,770 - INFO -    🗑️  Eliminada fila 282
2026-03-27 15:52:40,770 - INFO -    🗑️  Eliminada fila 286
2026-03-27 15:52:40,774 - INFO - 
======================================================================
2026-03-27 15:52:40,775 - INFO - 🧹 LIMPIANDO DUPLICADOS EN 'Resultados'
2026-03-27 15:52:40,775 - INFO - ======================================================================
2026-03-27 15:52:43,179 - INFO - ✅ Hoja 'Resultados' encontrada
2026-03-27 15:52:43,393 - INFO - 📊 Total de filas: 265
2026-03-27 15:52:43,393 - INFO - 📋 Encabezado: ['Cedula Asociado', 'Cedula Propietario', 'Placa', '', 'Estado ', 'Cedula Usada']
2026-03-27 15:52:43,393 - INFO - 📊 Datos: 264 registros
2026-03-27 15:52:43,394 - INFO -    ✓ Fila 2: ABH91G / 3806700 (MANTENER)
2026-03-27 15:52:43,394 - INFO -    ✓ Fila 3: ABK52G / 1110596527 (MANTENER)
2026-03-27 15:52:43,394 - INFO -    ✓ Fila 4: ABL97G / 1020412930 (MANTENER)
2026-03-27 15:52:43,394 - INFO -    ✓ Fila 5: ABP39E / 5206556 (MANTENER)
2026-03-27 15:52:43,394 - INFO -    ✓ Fila 6: ABZ62G / 1110445295 (MANTENER)
2026-03-27 15:52:43,395 - INFO -    ✓ Fila 7: ACB63H / 1000460240 (MANTENER)
2026-03-27 15:52:43,395 - INFO -    ✓ Fila 8: ADM14E / 1061536793 (MANTENER)
2026-03-27 15:52:43,395 - INFO -    ✓ Fila 9: ADT37G / 72240063 (MANTENER)
2026-03-27 15:52:43,395 - INFO -    ✓ Fila 10: ADX54G / 72216178 (MANTENER)
2026-03-27 15:52:43,395 - INFO -    ✓ Fila 11: AEU21G / 72336106 (MANTENER)
2026-03-27 15:52:43,396 - INFO -    ✓ Fila 12: AEW59H / 1066512374 (MANTENER)
2026-03-27 15:52:43,396 - INFO -    ✓ Fila 13: AFO09G / 1045686199 (MANTENER)
2026-03-27 15:52:43,396 - INFO -    ✓ Fila 14: AFW80E / 1110576190 (MANTENER)
2026-03-27 15:52:43,397 - INFO -    ✓ Fila 15: AGQ33G / 1001914134 (MANTENER)
2026-03-27 15:52:43,397 - INFO -    ✓ Fila 16: AGR72G / 72337511 (MANTENER)
2026-03-27 15:52:43,397 - INFO -    ✓ Fila 17: AHW55H / 98661532 (MANTENER)
2026-03-27 15:52:43,397 - INFO -    ✓ Fila 18: AIC84H / 1047337484 (MANTENER)
2026-03-27 15:52:43,398 - INFO -    ✓ Fila 19: AJJ78E / 14698558 (MANTENER)
2026-03-27 15:52:43,398 - INFO -    ✓ Fila 20: AJQ09H / 84450461 (MANTENER)
2026-03-27 15:52:43,398 - INFO -    ✓ Fila 21: AKW27G / 1035422303 (MANTENER)
2026-03-27 15:52:43,399 - INFO -    ✓ Fila 22: ALJ46F / 16375631 (MANTENER)
2026-03-27 15:52:43,399 - INFO -    ✓ Fila 23: AMX16D / 72231915 (MANTENER)
2026-03-27 15:52:43,399 - INFO -    ✓ Fila 24: AOJ96G / 1152709973 (MANTENER)
2026-03-27 15:52:43,400 - INFO -    ✓ Fila 25: APS74F / 9958233 (MANTENER)
2026-03-27 15:52:43,400 - INFO -    ✓ Fila 26: AQX54F / 14572019 (MANTENER)
2026-03-27 15:52:43,400 - INFO -    ✓ Fila 27: ARA77H / 1090521704 (MANTENER)
2026-03-27 15:52:43,401 - INFO -    ✓ Fila 28: ARH84F / 1087491617 (MANTENER)
2026-03-27 15:52:43,401 - INFO -    ✓ Fila 29: ARK24H / 1054917956 (MANTENER)
2026-03-27 15:52:43,401 - INFO -    ✓ Fila 30: ARK77H / 18511674 (MANTENER)
2026-03-27 15:52:43,402 - INFO -    ✓ Fila 31: ASU81H / 1003240642 (MANTENER)
2026-03-27 15:52:43,402 - INFO -    ✓ Fila 32: ATI02E / 7693747 (MANTENER)
2026-03-27 15:52:43,402 - INFO -    ✓ Fila 33: AVR08F / 79906062 (MANTENER)
2026-03-27 15:52:43,403 - INFO -    ✓ Fila 34: AXE16F / 1019062538 (MANTENER)
2026-03-27 15:52:43,403 - INFO -    ✓ Fila 35: AYJ99I / 1096033183 (MANTENER)
2026-03-27 15:52:43,404 - INFO -    ✓ Fila 36: AZC80G / 1098734392 (MANTENER)
2026-03-27 15:52:43,404 - INFO -    ✓ Fila 37: AZV10H / 16288735 (MANTENER)
2026-03-27 15:52:43,405 - INFO -    ✓ Fila 38: BBC94H / 78024813 (MANTENER)
2026-03-27 15:52:43,405 - INFO -    ✓ Fila 39: BCA16G / 1007675453 (MANTENER)
2026-03-27 15:52:43,405 - INFO -    ✓ Fila 40: BCE87F / 1067955531 (MANTENER)
2026-03-27 15:52:43,406 - INFO -    ✓ Fila 41: BCX37F / 72271844 (MANTENER)
2026-03-27 15:52:43,406 - INFO -    ✓ Fila 42: BDP06E / 73574619 (MANTENER)
2026-03-27 15:52:43,406 - INFO -    ✓ Fila 43: BEM92C / 73229472 (MANTENER)
2026-03-27 15:52:43,406 - INFO -    ✓ Fila 44: BEW14G / 1001498856 (MANTENER)
2026-03-27 15:52:43,406 - INFO -    ✓ Fila 45: BFG68F / 1075273640 (MANTENER)
2026-03-27 15:52:43,407 - INFO -    ✓ Fila 46: BFS42G / 94448263 (MANTENER)
2026-03-27 15:52:43,407 - INFO -    ✓ Fila 47: BHJ08G / 1115083239 (MANTENER)
2026-03-27 15:52:43,407 - INFO -    ✓ Fila 48: BHJ76H / 1115088506 (MANTENER)
2026-03-27 15:52:43,408 - INFO -    ✓ Fila 49: BHV03G / 1095942176 (MANTENER)
2026-03-27 15:52:43,408 - INFO -    ✓ Fila 50: BJQ20 / 12202044 (MANTENER)
2026-03-27 15:52:43,409 - INFO -    ✓ Fila 51: BJV19H / 1143865402 (MANTENER)
2026-03-27 15:52:43,409 - INFO -    ✓ Fila 52: BKZ94F / 1122653313 (MANTENER)
2026-03-27 15:52:43,409 - INFO -    ✓ Fila 53: BLB66H / 1065823474 (MANTENER)
2026-03-27 15:52:43,410 - INFO -    ✓ Fila 54: BLY29F / 1129503496 (MANTENER)
2026-03-27 15:52:43,410 - INFO -    ✓ Fila 55: BMC50G / 1004564084 (MANTENER)
2026-03-27 15:52:43,411 - INFO -    ✓ Fila 56: BMG33F / 9808566 (MANTENER)
2026-03-27 15:52:43,411 - INFO -    ✓ Fila 57: BOV17H / 1061686148 (MANTENER)
2026-03-27 15:52:43,412 - INFO -    ✓ Fila 58: BPJ35H / 1061731061 (MANTENER)
2026-03-27 15:52:43,412 - INFO -    ✓ Fila 59: BPO29H / 1004627619 (MANTENER)
2026-03-27 15:52:43,413 - INFO -    ✓ Fila 60: BQD21E / 85202792 (MANTENER)
2026-03-27 15:52:43,413 - INFO -    ✓ Fila 61: BRD68G / 72210451 (MANTENER)
2026-03-27 15:52:43,414 - INFO -    ✓ Fila 62: BRG67G / 7597354 (MANTENER)
2026-03-27 15:52:43,414 - INFO -    ✓ Fila 63: BRX50F / 1047480030 (MANTENER)
2026-03-27 15:52:43,414 - INFO -    ✓ Fila 64: BSA40F / 1143388289 (MANTENER)
2026-03-27 15:52:43,415 - INFO -    ✓ Fila 65: BSD29F / 1128054267 (MANTENER)
2026-03-27 15:52:43,415 - INFO -    ✓ Fila 66: BSF38F / 1048604134 (MANTENER)
2026-03-27 15:52:43,415 - INFO -    ✓ Fila 67: BTO12G / 12241702 (MANTENER)
2026-03-27 15:52:43,415 - INFO -    ✓ Fila 68: BWQ77F / 1113659721 (MANTENER)
2026-03-27 15:52:43,416 - INFO -    ✓ Fila 69: BYA54H / 1000128673 (MANTENER)
2026-03-27 15:52:43,416 - INFO -    ✓ Fila 70: BYI35G / 79595397 (MANTENER)
2026-03-27 15:52:43,416 - INFO -    ✓ Fila 71: BYO72F / 91522698 (MANTENER)
2026-03-27 15:52:43,416 - INFO -    ✓ Fila 72: BZC25D / 8834542 (MANTENER)
2026-03-27 15:52:43,417 - INFO -    ✓ Fila 73: CAB33G / 11206472 (MANTENER)
2026-03-27 15:52:43,417 - INFO -    ✓ Fila 74: CBO27G / 85487086 (MANTENER)
2026-03-27 15:52:43,417 - INFO -    ✓ Fila 75: CCD37G / 1007182216 (MANTENER)
2026-03-27 15:52:43,417 - INFO -    ✓ Fila 76: CCK77G / 1065625971 (MANTENER)
2026-03-27 15:52:43,418 - INFO -    ✓ Fila 77: CCX64F / 6499844 (MANTENER)
2026-03-27 15:52:43,418 - INFO -    ✓ Fila 78: CDM21H / 1090403950 (MANTENER)
2026-03-27 15:52:43,418 - INFO -    ✓ Fila 79: CEI86F / 80122315 (MANTENER)
2026-03-27 15:52:43,418 - INFO -    ✓ Fila 80: CFZ95G / 1088254569 (MANTENER)
2026-03-27 15:52:43,419 - INFO -    ✓ Fila 81: CGF99G / 10002617 (MANTENER)
2026-03-27 15:52:43,419 - INFO -    ✓ Fila 82: CGY76E / 1152439340 (MANTENER)
2026-03-27 15:52:43,419 - INFO -    ✓ Fila 83: CHT59G / 94433781 (MANTENER)
2026-03-27 15:52:43,420 - INFO -    ✓ Fila 84: CIO83H / 1001845464 (MANTENER)
2026-03-27 15:52:43,420 - INFO -    ✓ Fila 85: CIR80F / 1023936807 (MANTENER)
2026-03-27 15:52:43,420 - INFO -    ✓ Fila 86: CIY41G / 80242406 (MANTENER)
2026-03-27 15:52:43,420 - INFO -    ✓ Fila 87: CJT10G / 1143461333 (MANTENER)
2026-03-27 15:52:43,421 - INFO -    ✓ Fila 88: CKC76H / 1035971400 (MANTENER)
2026-03-27 15:52:43,421 - INFO -    ✓ Fila 89: CNO27G / 1047436560 (MANTENER)
2026-03-27 15:52:43,421 - INFO -    ✓ Fila 90: CNQ25G / 1143332350 (MANTENER)
2026-03-27 15:52:43,421 - INFO -    ✓ Fila 91: COU91E / 75080602 (MANTENER)
2026-03-27 15:52:43,421 - INFO -    ✓ Fila 92: CPB65E / 75082655 (MANTENER)
2026-03-27 15:52:43,422 - INFO -    ✓ Fila 93: CPG50H / 1115947780 (MANTENER)
2026-03-27 15:52:43,422 - INFO -    ✓ Fila 94: CPK24D / 15385997 (MANTENER)
2026-03-27 15:52:43,422 - INFO -    ✓ Fila 95: CQO41 / 1041150844 (MANTENER)
2026-03-27 15:52:43,422 - INFO -    ✓ Fila 96: CQT05 / 71260799 (MANTENER)
2026-03-27 15:52:43,422 - INFO -    ✓ Fila 97: CRG07F / 9103172 (MANTENER)
2026-03-27 15:52:43,423 - INFO -    ✓ Fila 98: CRN34F / 73572036 (MANTENER)
2026-03-27 15:52:43,423 - INFO -    ✓ Fila 99: CRN48G / 1021805032 (MANTENER)
2026-03-27 15:52:43,423 - INFO -    ✓ Fila 100: CSV58G / 1020222427 (MANTENER)
2026-03-27 15:52:43,423 - INFO -    ✓ Fila 101: CSW37F / 15174080 (MANTENER)
2026-03-27 15:52:43,424 - INFO -    ✓ Fila 102: CTB24G / 16493899 (MANTENER)
2026-03-27 15:52:43,424 - INFO -    ✓ Fila 103: CTU21G / 80733144 (MANTENER)
2026-03-27 15:52:43,425 - INFO -    ✓ Fila 104: CUM22H / 10781012 (MANTENER)
2026-03-27 15:52:43,425 - INFO -    ✓ Fila 105: CUM42H / 78751120 (MANTENER)
2026-03-27 15:52:43,426 - INFO -    ✓ Fila 106: CUX71G / 1015404781 (MANTENER)
2026-03-27 15:52:43,426 - INFO -    ✓ Fila 107: CUY33E / 1005457212 (MANTENER)
2026-03-27 15:52:43,426 - INFO -    ✓ Fila 108: CVD36F / 72020789 (MANTENER)
2026-03-27 15:52:43,427 - INFO -    ✓ Fila 109: CVJ68F / 72266046 (MANTENER)
2026-03-27 15:52:43,427 - INFO -    ✓ Fila 110: CVV22E / 7919423 (MANTENER)
2026-03-27 15:52:43,428 - INFO -    ✓ Fila 111: CWI35H / 1143931759 (MANTENER)
2026-03-27 15:52:43,428 - INFO -    ✓ Fila 112: CXF91H / 1065130459 (MANTENER)
2026-03-27 15:52:43,429 - INFO -    ✓ Fila 113: CXH32H / 1118813130 (MANTENER)
2026-03-27 15:52:43,429 - INFO -    ✓ Fila 114: CZO46G / 1090491988 (MANTENER)
2026-03-27 15:52:43,430 - INFO -    ✓ Fila 115: CZP45E / 1056929079 (MANTENER)
2026-03-27 15:52:43,430 - INFO -    ✓ Fila 116: DAV08F / 15921096 (MANTENER)
2026-03-27 15:52:43,430 - INFO -    ✓ Fila 117: DBB53D / 1042765396 (MANTENER)
2026-03-27 15:52:43,431 - INFO -    ✓ Fila 118: DBU73F / 1128475307 (MANTENER)
2026-03-27 15:52:43,431 - INFO -    ✓ Fila 119: DBX57G / 1035231530 (MANTENER)
2026-03-27 15:52:43,431 - INFO -    ✓ Fila 120: DCI52D / 1047218225 (MANTENER)
2026-03-27 15:52:43,431 - INFO -    ✓ Fila 121: DCJ69D / 1143250144 (MANTENER)
2026-03-27 15:52:43,432 - INFO -    ✓ Fila 122: DDE75F / 1082908746 (MANTENER)
2026-03-27 15:52:43,432 - INFO -    ✓ Fila 123: DDJ60H / 1048277223 (MANTENER)
2026-03-27 15:52:43,432 - INFO -    ✓ Fila 124: DDT31H / 1045714555 (MANTENER)
2026-03-27 15:52:43,432 - INFO -    ✓ Fila 125: DDX29H / 72289078 (MANTENER)
2026-03-27 15:52:43,433 - INFO -    ✓ Fila 126: DFA03E / 1045704834 (MANTENER)
2026-03-27 15:52:43,433 - INFO -    ✓ Fila 127: DFG92E / 1129568514 (MANTENER)
2026-03-27 15:52:43,433 - INFO -    ✓ Fila 128: DHF37E / 80214491 (MANTENER)
2026-03-27 15:52:43,434 - INFO -    ✓ Fila 129: DHI85E / 88002387 (MANTENER)
2026-03-27 15:52:43,434 - INFO -    ✓ Fila 130: DHK80F / 43583061 (MANTENER)
2026-03-27 15:52:43,434 - INFO -    ✓ Fila 131: DHU62G / 1010020995 (MANTENER)
2026-03-27 15:52:43,434 - INFO -    ✓ Fila 132: DHW25C / 12599441 (MANTENER)
2026-03-27 15:52:43,435 - INFO -    ✓ Fila 133: DIS52H / 1000252635 (MANTENER)
2026-03-27 15:52:43,435 - INFO -    ✓ Fila 134: DJN32F / 1085950724 (MANTENER)
2026-03-27 15:52:43,435 - INFO -    ✓ Fila 135: DKE30D / 77188463 (MANTENER)
2026-03-27 15:52:43,435 - INFO -    ✓ Fila 136: DKF16D / 1235339467 (MANTENER)
2026-03-27 15:52:43,436 - INFO -    ✓ Fila 137: DLG25H / 13744592 (MANTENER)
2026-03-27 15:52:43,436 - INFO -    ✓ Fila 138: DMK30E / 18519791 (MANTENER)
2026-03-27 15:52:43,436 - INFO -    ✓ Fila 139: DOA88C / 11204362 (MANTENER)
2026-03-27 15:52:43,436 - INFO -    ✓ Fila 140: DOI53H / 6343872 (MANTENER)
2026-03-27 15:52:43,437 - INFO -    ✓ Fila 141: DPH60H / 1144179552 (MANTENER)
2026-03-27 15:52:43,437 - INFO -    ✓ Fila 142: DPP23F / 1007958855 (MANTENER)
2026-03-27 15:52:43,437 - INFO -    ✓ Fila 143: DQE79G / 91288072 (MANTENER)
2026-03-27 15:52:43,437 - INFO -    ✓ Fila 144: DRV45F / 1050954941 (MANTENER)
2026-03-27 15:52:43,438 - INFO -    ✓ Fila 145: DRW68G / 1234644887 (MANTENER)
2026-03-27 15:52:43,438 - INFO -    ✓ Fila 146: DSF45F / 73578605 (MANTENER)
2026-03-27 15:52:43,438 - INFO -    ✓ Fila 147: DSP51G / 14677055 (MANTENER)
2026-03-27 15:52:43,438 - INFO -    ✓ Fila 148: DSQ57F / 10930648 (MANTENER)
2026-03-27 15:52:43,439 - INFO -    ✓ Fila 149: DSU43G / 1102794230 (MANTENER)
2026-03-27 15:52:43,439 - INFO -    ✓ Fila 150: DSU56G / 92537751 (MANTENER)
2026-03-27 15:52:43,439 - INFO -    ✓ Fila 151: DVC94G / 15438085 (MANTENER)
2026-03-27 15:52:43,440 - INFO -    ✓ Fila 152: DVD14H / 87946752 (MANTENER)
2026-03-27 15:52:43,440 - INFO -    ✓ Fila 153: DVI65H / 16375143 (MANTENER)
2026-03-27 15:52:43,441 - INFO -    ✓ Fila 154: DVQ24H / 14638865 (MANTENER)
2026-03-27 15:52:43,441 - INFO -    ✓ Fila 155: DVX70H / 1143938055 (MANTENER)
2026-03-27 15:52:43,441 - INFO -    ✓ Fila 156: DWI72H / 1130627462 (MANTENER)
2026-03-27 15:52:43,442 - INFO -    ✓ Fila 157: DWR55D / 80162996 (MANTENER)
2026-03-27 15:52:43,442 - INFO -    ✓ Fila 158: DXA60F / 80153059 (MANTENER)
2026-03-27 15:52:43,442 - INFO -    ✓ Fila 159: DYM14E / 72333599 (MANTENER)
2026-03-27 15:52:43,443 - INFO -    ✓ Fila 160: DZI33E / 1129566246 (MANTENER)
2026-03-27 15:52:43,443 - INFO -    ✓ Fila 161: DZJ55H / 1047461272 (MANTENER)
2026-03-27 15:52:43,443 - INFO -    ✓ Fila 162: DZV79G / 1098784520 (MANTENER)
2026-03-27 15:52:43,444 - INFO -    ✓ Fila 163: EAP66G / 1121854941 (MANTENER)
2026-03-27 15:52:43,444 - INFO -    ✓ Fila 164: EAS47H / 73211808 (MANTENER)
2026-03-27 15:52:43,445 - INFO -    ✓ Fila 165: EBV82F / 1102838927 (MANTENER)
2026-03-27 15:52:43,445 - INFO -    ✓ Fila 166: EFJ86G / 79812388 (MANTENER)
2026-03-27 15:52:43,446 - INFO -    ✓ Fila 167: EGW66G / 8566889 (MANTENER)
2026-03-27 15:52:43,446 - INFO -    ✓ Fila 168: EHU66G / 1001819327 (MANTENER)
2026-03-27 15:52:43,446 - INFO -    ✓ Fila 169: EHZ30F / 91530020 (MANTENER)
2026-03-27 15:52:43,447 - INFO -    ✓ Fila 170: EIQ70G / 1045745971 (MANTENER)
2026-03-27 15:52:43,447 - INFO -    ✓ Fila 171: EIX29F / 1232594218 (MANTENER)
2026-03-27 15:52:43,447 - INFO -    ✓ Fila 172: EJN63F / 1047481213 (MANTENER)
2026-03-27 15:52:43,447 - INFO -    ✓ Fila 173: EJP02E / 71766508 (MANTENER)
2026-03-27 15:52:43,448 - INFO -    ✓ Fila 174: EJR95H / 1004798892 (MANTENER)
2026-03-27 15:52:43,448 - INFO -    ✓ Fila 175: EKU42G / 16939503 (MANTENER)
2026-03-27 15:52:43,448 - INFO -    ✓ Fila 176: EKW82B / 1098614724 (MANTENER)
2026-03-27 15:52:43,449 - INFO -    ✓ Fila 177: ELA72G / 94525977 (MANTENER)
2026-03-27 15:52:43,449 - INFO -    ✓ Fila 178: ELI96G / 94551116 (MANTENER)
2026-03-27 15:52:43,449 - INFO -    ✓ Fila 179: ELX41G / 94456424 (MANTENER)
2026-03-27 15:52:43,449 - INFO -    ✓ Fila 180: EMD76H / 1036688580 (MANTENER)
2026-03-27 15:52:43,450 - INFO -    ✓ Fila 181: EMF96F / 1102379930 (MANTENER)
2026-03-27 15:52:43,450 - INFO -    ✓ Fila 182: EMH77G / 16846381 (MANTENER)
2026-03-27 15:52:43,450 - INFO -    ✓ Fila 183: EMV15G / 1031167865 (MANTENER)
2026-03-27 15:52:43,451 - INFO -    ✓ Fila 184: ENE82H / 1037595662 (MANTENER)
2026-03-27 15:52:43,451 - INFO -    ✓ Fila 185: ENH28D / 80749035 (MANTENER)
2026-03-27 15:52:43,451 - INFO -    ✓ Fila 186: ENX06E / 12646820 (MANTENER)
2026-03-27 15:52:43,451 - INFO -    ✓ Fila 187: EPT50E / 98588196 (MANTENER)
2026-03-27 15:52:43,451 - INFO -    ✓ Fila 188: EQE02F / 1035422344 (MANTENER)
2026-03-27 15:52:43,452 - INFO -    ✓ Fila 189: ERQ22G / 1007667639 (MANTENER)
2026-03-27 15:52:43,452 - INFO -    ✓ Fila 190: ETB72F / 6108181 (MANTENER)
2026-03-27 15:52:43,452 - INFO -    ✓ Fila 191: ETI91F / 1151969127 (MANTENER)
2026-03-27 15:52:43,452 - INFO -    ✓ Fila 192: ETZ03G / 1061763352 (MANTENER)
2026-03-27 15:52:43,453 - INFO -    ✓ Fila 193: EUX71E / 8851011 (MANTENER)
2026-03-27 15:52:43,453 - INFO -    ✓ Fila 194: EVK05E / 1050961505 (MANTENER)
2026-03-27 15:52:43,453 - INFO -    ✓ Fila 195: EVR14F / 1143408610 (MANTENER)
2026-03-27 15:52:43,453 - INFO -    ✓ Fila 196: EVX16C / 73211334 (MANTENER)
2026-03-27 15:52:43,454 - INFO -    ✓ Fila 197: EXD86F / 72001701 (MANTENER)
2026-03-27 15:52:43,454 - INFO -    ✓ Fila 198: EXR95H / 1047479935 (MANTENER)
2026-03-27 15:52:43,454 - INFO -    ✓ Fila 199: EYN19E / 1082921822 (MANTENER)
2026-03-27 15:52:43,454 - INFO -    ✓ Fila 200: FAV23E / 7724070 (MANTENER)
2026-03-27 15:52:43,455 - INFO -    ✓ Fila 201: FBD01H / 1143247837 (MANTENER)
2026-03-27 15:52:43,455 - INFO -    ✓ Fila 202: FBD55F / 1090418327 (MANTENER)
2026-03-27 15:52:43,455 - INFO -    ✓ Fila 203: FEG57F / 3984176 (MANTENER)
2026-03-27 15:52:43,456 - INFO -    ✓ Fila 204: FGB43H / 1110590954 (MANTENER)
2026-03-27 15:52:43,456 - INFO -    ✓ Fila 205: FGM76C / 72009142 (MANTENER)
2026-03-27 15:52:43,457 - INFO -    ✓ Fila 206: FJP81F / 1070588309 (MANTENER)
2026-03-27 15:52:43,457 - INFO -    ✓ Fila 207: FJZ83G / 1024587587 (MANTENER)
2026-03-27 15:52:43,457 - INFO -    ✓ Fila 208: FMK52F / 1110582253 (MANTENER)
2026-03-27 15:52:43,458 - INFO -    ✓ Fila 209: FOC90G / 16761800 (MANTENER)
2026-03-27 15:52:43,458 - INFO -    ✓ Fila 210: FOD94E / 31480681 (MANTENER)
2026-03-27 15:52:43,459 - INFO -    ✓ Fila 211: FOQ23E / 73215618 (MANTENER)
2026-03-27 15:52:43,459 - INFO -    ✓ Fila 212: FOX60H / 1118300824 (MANTENER)
2026-03-27 15:52:43,459 - INFO -    ✓ Fila 213: FOZ22G / 1004799076 (MANTENER)
2026-03-27 15:52:43,460 - INFO -    ✓ Fila 214: FRY94H / 1031135843 (MANTENER)
2026-03-27 15:52:43,461 - INFO -    ✓ Fila 215: FTA31G / 17591402 (MANTENER)
2026-03-27 15:52:43,461 - INFO -    ✓ Fila 216: FVG29F / 80017411 (MANTENER)
2026-03-27 15:52:43,462 - INFO -    ✓ Fila 217: FVT85F / 1088279705 (MANTENER)
2026-03-27 15:52:43,463 - INFO -    ✓ Fila 218: FWA75H / 1013662414 (MANTENER)
2026-03-27 15:52:43,463 - INFO -    ✓ Fila 219: FWL46C / 1090427885 (MANTENER)
2026-03-27 15:52:43,463 - INFO -    ✓ Fila 220: FWY74G / 1001361203 (MANTENER)
2026-03-27 15:52:43,464 - INFO -    ✓ Fila 221: FWZ81G / 1093747543 (MANTENER)
2026-03-27 15:52:43,464 - INFO -    ✓ Fila 222: FYW47F / 72214952 (MANTENER)
2026-03-27 15:52:43,464 - INFO -    ✓ Fila 223: FZR17F / 1118572203 (MANTENER)
2026-03-27 15:52:43,465 - INFO -    ✓ Fila 224: FZV60G / 1033370509 (MANTENER)
2026-03-27 15:52:43,465 - INFO -    ✓ Fila 225: GAQ69H / 1095788594 (MANTENER)
2026-03-27 15:52:43,465 - INFO -    ✓ Fila 226: GBU41F / 1070707861 (MANTENER)
2026-03-27 15:52:43,466 - INFO -    ✓ Fila 227: GCG05G / 1047379041 (MANTENER)
2026-03-27 15:52:43,466 - INFO -    ✓ Fila 228: GCQ66H / 1007437496 (MANTENER)
2026-03-27 15:52:43,466 - INFO -    ✓ Fila 229: GDC97G / 1051417653 (MANTENER)
2026-03-27 15:52:43,466 - INFO -    ✓ Fila 230: GDH07G / 1066178529 (MANTENER)
2026-03-27 15:52:43,466 - INFO -    ✓ Fila 231: GDN03G / 1113660036 (MANTENER)
2026-03-27 15:52:43,467 - INFO -    ✓ Fila 232: GDU58F / 1233491372 (MANTENER)
2026-03-27 15:52:43,467 - INFO -    ✓ Fila 233: GDX53G / 16537024 (MANTENER)
2026-03-27 15:52:43,467 - INFO -    ✓ Fila 234: GEV25H / 1103103231 (MANTENER)
2026-03-27 15:52:43,467 - INFO -    ✓ Fila 235: GGA43H / 1019094768 (MANTENER)
2026-03-27 15:52:43,467 - INFO -    ✓ Fila 236: GGC03G / 1106888659 (MANTENER)
2026-03-27 15:52:43,468 - INFO -    ✓ Fila 237: GID48E / 79804105 (MANTENER)
2026-03-27 15:52:43,468 - INFO -    ✓ Fila 238: GJV09G / 6241290 (MANTENER)
2026-03-27 15:52:43,468 - INFO -    ✓ Fila 239: GKC23F / 1112477531 (MANTENER)
2026-03-27 15:52:43,468 - INFO -    ✓ Fila 240: GKG48G / 1006315815 (MANTENER)
2026-03-27 15:52:43,468 - INFO -    ✓ Fila 241: GKH26F / 1143970584 (MANTENER)
2026-03-27 15:52:43,469 - INFO -    ✓ Fila 242: GLB86H / 14297120 (MANTENER)
2026-03-27 15:52:43,469 - INFO -    ✓ Fila 243: GLM14H / 16845402 (MANTENER)
2026-03-27 15:52:43,469 - INFO -    ✓ Fila 244: GNC09G / 9862453 (MANTENER)
2026-03-27 15:52:43,470 - INFO -    ✓ Fila 245: GNT14B / 94459873 (MANTENER)
2026-03-27 15:52:43,470 - INFO -    ✓ Fila 246: GNV93H / 10308220 (MANTENER)
2026-03-27 15:52:43,470 - INFO -    ✓ Fila 247: GOI86H / 1061687916 (MANTENER)
2026-03-27 15:52:43,470 - INFO -    ✓ Fila 248: GOM17F / 1193268731 (MANTENER)
2026-03-27 15:52:43,471 - INFO -    ✓ Fila 249: GRJ71H / 1082862541 (MANTENER)
2026-03-27 15:52:43,471 - INFO -    ✓ Fila 250: GSE81E / 91352112 (MANTENER)
2026-03-27 15:52:43,471 - INFO -    ✓ Fila 251: GSR10G / 7937210 (MANTENER)
2026-03-27 15:52:43,471 - INFO -    ✓ Fila 252: GTD26G / 1192727731 (MANTENER)
2026-03-27 15:52:43,471 - INFO -    ✓ Fila 253: GTD70G / 1047482206 (MANTENER)
2026-03-27 15:52:43,472 - INFO -    ✓ Fila 254: GTG15C / 7731635 (MANTENER)
2026-03-27 15:52:43,472 - INFO -    ✓ Fila 255: GTJ40H / 93437593 (MANTENER)
2026-03-27 15:52:43,472 - INFO -    ✓ Fila 256: GTL80H / 1105683451 (MANTENER)
2026-03-27 15:52:43,472 - INFO -    ✓ Fila 257: GTN88H / 1110552827 (MANTENER)
2026-03-27 15:52:43,472 - INFO -    ✓ Fila 258: GTS32G / 73205382 (MANTENER)
2026-03-27 15:52:43,473 - INFO -    ✓ Fila 259: GUR60F / 1234889561 (MANTENER)
2026-03-27 15:52:43,473 - INFO -    ✓ Fila 260: GUR77F / 1143262355 (MANTENER)
2026-03-27 15:52:43,473 - INFO -    ✓ Fila 261: GVC39F / 1104017240 (MANTENER)
2026-03-27 15:52:43,473 - INFO -    ✓ Fila 262: GXA78F / 92548629 (MANTENER)
2026-03-27 15:52:43,473 - INFO -    ✓ Fila 263: HAA65E / 9295869 (MANTENER)
2026-03-27 15:52:43,474 - INFO -    ✓ Fila 264: HAG02G / 1015454980 (MANTENER)
2026-03-27 15:52:43,474 - INFO -    ✓ Fila 265: HAW03F / 1102878330 (MANTENER)
2026-03-27 15:52:43,475 - INFO - ✅ No se encontraron duplicados en 'Resultados'
2026-03-27 15:52:43,481 - INFO - 
======================================================================
2026-03-27 15:52:43,481 - INFO - ✅ LIMPIEZA COMPLETADA
2026-03-27 15:52:43,481 - INFO - ======================================================================
2026-03-27 15:52:43,482 - INFO - 📋 Se procesaron:
2026-03-27 15:52:43,482 - INFO -    ✓ Datos Runt
2026-03-27 15:52:43,483 - INFO -    ✓ Datos Vehiculo
2026-03-27 15:52:43,483 - INFO -    ✓ Resultados
2026-03-27 15:52:43,483 - INFO - ======================================================================

