2026-03-27 11:45:35,650 - INFO - ====== WebDriver manager ======
2026-03-27 11:45:37,049 - INFO - Get LATEST chromedriver version for google-chrome
2026-03-27 11:45:38,031 - INFO - Get LATEST chromedriver version for google-chrome
2026-03-27 11:45:39,064 - INFO - Driver [C:\Users\cmarroquin\.wdm\drivers\chromedriver\win64\146.0.7680.165\chromedriver-win32/chromedriver.exe] found in cache
2026-03-27 11:45:39,952 - INFO - Accediendo a: https://sii.copservir.com/
2026-03-27 11:45:43,484 - INFO - Buscando campo de usuario...
2026-03-27 11:45:43,623 - INFO - Buscando campo de contraseña...
2026-03-27 11:45:43,735 - INFO - Haciendo clic en el botón de ingreso...
2026-03-27 11:45:45,151 - INFO - Proceso de login completado.
2026-03-27 11:45:47,162 - INFO - Buscando menú lateral...
2026-03-27 11:45:49,195 - INFO - Haciendo click en el menú
2026-03-27 11:45:51,288 - INFO - Buscando opción de seguros...
2026-03-27 11:45:54,870 - INFO - Esperando carga de página...
2026-03-27 11:45:57,881 - INFO - Esperando: elemento yt2
2026-03-27 11:45:57,916 - INFO - [OK] Elemento encontrado: elemento yt2
2026-03-27 11:45:57,923 - INFO - [OK] Scroll realizado: elemento yt2
2026-03-27 11:45:57,923 - INFO - Esperando 2s adicionales...
2026-03-27 11:46:02,571 - INFO - [OK] Clic realizado: elemento yt2
2026-03-27 11:46:02,571 - INFO - Navegación completada. Iniciando procesamiento de vehículos...
2026-03-27 11:46:02,571 - INFO - ================================================================================
2026-03-27 11:46:02,572 - INFO - INICIANDO PROCESAMIENTO: Motos 0_5
2026-03-27 11:46:02,572 - INFO - ================================================================================
2026-03-27 11:46:02,572 - INFO - Seleccionando tipo de vehículo...
2026-03-27 11:46:02,572 - INFO - Esperando: Tipo de Automovil
2026-03-27 11:46:02,625 - INFO - [OK] Elemento encontrado: Tipo de Automovil
2026-03-27 11:46:02,637 - INFO - [OK] Scroll realizado: Tipo de Automovil
2026-03-27 11:46:02,637 - INFO - Esperando 1s adicionales...
2026-03-27 11:46:03,764 - INFO - [OK] Clic realizado: Tipo de Automovil
2026-03-27 11:46:03,764 - INFO - Seleccionando opción: //*[@id="PolizasVehiculo_IdTipoAutomovil"]/option[2]
2026-03-27 11:46:03,764 - INFO - Esperando: opcion vehiculo para Motos 0_5
2026-03-27 11:46:03,812 - INFO - [OK] Elemento encontrado: opcion vehiculo para Motos 0_5
2026-03-27 11:46:03,823 - INFO - [OK] Scroll realizado: opcion vehiculo para Motos 0_5
2026-03-27 11:46:03,824 - INFO - Esperando 1s adicionales...
2026-03-27 11:46:04,883 - INFO - [OK] Clic realizado: opcion vehiculo para Motos 0_5
2026-03-27 11:46:04,883 - INFO - Esperando que el formulario procese...
2026-03-27 11:46:06,883 - INFO - Seleccionando Estado de Póliza...
2026-03-27 11:46:07,041 - INFO - [OK] Estado 'Aceptada' seleccionado
2026-03-27 11:46:07,041 - INFO - Buscando botón de descarga...
2026-03-27 11:46:07,041 - INFO - Esperando: botón de descarga
2026-03-27 11:46:07,083 - INFO - [OK] Elemento encontrado: botón de descarga
2026-03-27 11:46:07,090 - INFO - [OK] Scroll realizado: botón de descarga
2026-03-27 11:46:07,090 - INFO - Esperando 2s adicionales...
2026-03-27 11:46:17,405 - INFO - [OK] Clic realizado: botón de descarga
2026-03-27 11:46:17,406 - INFO - Esperando descarga del archivo (10 segundos)...
2026-03-27 11:46:27,406 - INFO - Buscando archivos descargados...
2026-03-27 11:46:27,428 - INFO - Archivo encontrado: polizas-vehiculos (4).xls
2026-03-27 11:46:27,429 - INFO - Esperando a que el archivo se escriba (5 segundos)...
2026-03-27 11:46:32,429 - INFO - Leyendo archivo...
2026-03-27 11:46:32,429 - INFO - Intentando leer archivo: C:\Users\cmarroquin\Downloads\polizas-vehiculos (4).xls
2026-03-27 11:46:32,430 - INFO - Tamaño archivo: 1158816 bytes
2026-03-27 11:46:32,430 - INFO - Estrategia 1: Leyendo con pandas (engine automático)...
2026-03-27 11:46:32,947 - WARNING - No es Excel válido: Excel file format cannot be determined, you must specify an engine manually.
2026-03-27 11:46:32,947 - INFO - El archivo no es Excel válido. Intentando como HTML...
2026-03-27 11:46:32,947 - INFO - Intentando leer archivo como HTML: C:\Users\cmarroquin\Downloads\polizas-vehiculos (4).xls
2026-03-27 11:46:32,955 - INFO - Archivo leído. Tamaño: 1111007 caracteres
2026-03-27 11:46:34,680 - INFO - [OK] Tabla encontrada en HTML
2026-03-27 11:46:34,706 - INFO - Encabezados originales (total 49)
2026-03-27 11:46:34,706 - INFO - Columnas E-I seleccionadas: ['Cedula asociado', 'Nombre asociado', 'Cedula propietario', 'Nombre propietario', 'Placa Moto Incluir']
2026-03-27 11:46:34,774 - INFO - [OK] 898 filas extraídas
2026-03-27 11:46:34,775 - INFO - [OK] Archivo leído exitosamente
2026-03-27 11:46:34,775 - INFO - Conectando a Google Sheets: Motos 0_5
2026-03-27 11:46:37,454 - INFO - [OK] Conectado a Google Sheets: Motos 0_5
2026-03-27 11:46:37,454 - INFO - Subiendo datos a Google Sheets...
2026-03-27 11:46:37,454 - INFO - Preparando 898 filas para subir...
2026-03-27 11:46:37,454 - INFO - Columnas a subir: ['Cedula asociado', 'Nombre asociado', 'Cedula propietario', 'Nombre propietario', 'Placa Moto Incluir']
2026-03-27 11:46:37,455 - INFO - Fecha y hora de ejecución: 2026-03-27 11:46:37
2026-03-27 11:46:37,456 - INFO - Subiendo 898 filas desde A2...
2026-03-27 11:46:37,456 - INFO - Rango a escribir: A2:F899
2026-03-27 11:46:37,456 - INFO - Estructura: [Fecha/Hora] + [5 columnas de datos]
2026-03-27 11:46:37,930 - INFO - [OK] Datos subidos exitosamente a 'Motos 0_5'
2026-03-27 11:46:37,930 - INFO -   - Filas de datos: 898
2026-03-27 11:46:37,930 - INFO -   - Rango actualizado: A2:F899
2026-03-27 11:46:37,930 - INFO -   - Columna A: Fecha/Hora de ejecución
2026-03-27 11:46:37,930 - INFO -   - Columnas B-F: Datos del archivo
2026-03-27 11:46:37,931 - INFO - [OK] Motos 0_5 completado exitosamente
2026-03-27 11:46:37,932 - INFO - Archivo temporal eliminado
2026-03-27 11:46:37,932 - INFO - ================================================================================
2026-03-27 11:46:37,932 - INFO - COMPLETADO: Motos 0_5
2026-03-27 11:46:37,932 - INFO - ================================================================================
2026-03-27 11:46:37,973 - INFO - Esperando 5 segundos antes del siguiente procesamiento...
2026-03-27 11:46:42,974 - INFO - ================================================================================
2026-03-27 11:46:42,974 - INFO - INICIANDO PROCESAMIENTO: Motos 6_10
2026-03-27 11:46:42,975 - INFO - ================================================================================
2026-03-27 11:46:42,975 - INFO - Seleccionando tipo de vehículo...
2026-03-27 11:46:42,975 - INFO - Esperando: Tipo de Automovil
2026-03-27 11:46:43,008 - INFO - [OK] Elemento encontrado: Tipo de Automovil
2026-03-27 11:46:43,019 - INFO - [OK] Scroll realizado: Tipo de Automovil
2026-03-27 11:46:43,019 - INFO - Esperando 1s adicionales...
2026-03-27 11:46:44,140 - INFO - [OK] Clic realizado: Tipo de Automovil
2026-03-27 11:46:44,140 - INFO - Seleccionando opción: //*[@id="PolizasVehiculo_IdTipoAutomovil"]/option[11]
2026-03-27 11:46:44,140 - INFO - Esperando: opcion vehiculo para Motos 6_10
2026-03-27 11:46:44,192 - INFO - [OK] Elemento encontrado: opcion vehiculo para Motos 6_10
2026-03-27 11:46:44,202 - INFO - [OK] Scroll realizado: opcion vehiculo para Motos 6_10
2026-03-27 11:46:44,203 - INFO - Esperando 1s adicionales...
2026-03-27 11:46:45,249 - INFO - [OK] Clic realizado: opcion vehiculo para Motos 6_10
2026-03-27 11:46:45,250 - INFO - Esperando que el formulario procese...
2026-03-27 11:46:47,251 - INFO - Seleccionando Estado de Póliza...
2026-03-27 11:46:47,319 - INFO - [OK] Estado 'Aceptada' seleccionado
2026-03-27 11:46:47,319 - INFO - Buscando botón de descarga...
2026-03-27 11:46:47,319 - INFO - Esperando: botón de descarga
2026-03-27 11:46:47,348 - INFO - [OK] Elemento encontrado: botón de descarga
2026-03-27 11:46:47,358 - INFO - [OK] Scroll realizado: botón de descarga
2026-03-27 11:46:47,358 - INFO - Esperando 2s adicionales...
2026-03-27 11:46:49,779 - INFO - [OK] Clic realizado: botón de descarga
2026-03-27 11:46:49,779 - INFO - Esperando descarga del archivo (10 segundos)...
2026-03-27 11:46:59,780 - INFO - Buscando archivos descargados...
2026-03-27 11:46:59,782 - INFO - Archivo encontrado: polizas-vehiculos (4).xls
2026-03-27 11:46:59,782 - INFO - Esperando a que el archivo se escriba (5 segundos)...
2026-03-27 11:47:04,783 - INFO - Leyendo archivo...
2026-03-27 11:47:04,783 - INFO - Intentando leer archivo: C:\Users\cmarroquin\Downloads\polizas-vehiculos (4).xls
2026-03-27 11:47:04,784 - INFO - Tamaño archivo: 17454 bytes
2026-03-27 11:47:04,784 - INFO - Estrategia 1: Leyendo con pandas (engine automático)...
2026-03-27 11:47:05,194 - WARNING - No es Excel válido: Excel file format cannot be determined, you must specify an engine manually.
2026-03-27 11:47:05,194 - INFO - El archivo no es Excel válido. Intentando como HTML...
2026-03-27 11:47:05,194 - INFO - Intentando leer archivo como HTML: C:\Users\cmarroquin\Downloads\polizas-vehiculos (4).xls
2026-03-27 11:47:05,195 - INFO - Archivo leído. Tamaño: 16771 caracteres
2026-03-27 11:47:05,226 - INFO - [OK] Tabla encontrada en HTML
2026-03-27 11:47:05,226 - INFO - Encabezados originales (total 49)
2026-03-27 11:47:05,226 - INFO - Columnas E-I seleccionadas: ['Cedula asociado', 'Nombre asociado', 'Cedula propietario', 'Nombre propietario', 'Placa Moto Incluir']
2026-03-27 11:47:05,227 - INFO - [OK] 12 filas extraídas
2026-03-27 11:47:05,228 - INFO - [OK] Archivo leído exitosamente
2026-03-27 11:47:05,228 - INFO - Conectando a Google Sheets: Motos 6_10
2026-03-27 11:47:07,703 - INFO - [OK] Conectado a Google Sheets: Motos 6_10
2026-03-27 11:47:07,704 - INFO - Subiendo datos a Google Sheets...
2026-03-27 11:47:07,704 - INFO - Preparando 12 filas para subir...
2026-03-27 11:47:07,704 - INFO - Columnas a subir: ['Cedula asociado', 'Nombre asociado', 'Cedula propietario', 'Nombre propietario', 'Placa Moto Incluir']
2026-03-27 11:47:07,704 - INFO - Fecha y hora de ejecución: 2026-03-27 11:47:07
2026-03-27 11:47:07,704 - INFO - Subiendo 12 filas desde A2...
2026-03-27 11:47:07,704 - INFO - Rango a escribir: A2:F13
2026-03-27 11:47:07,705 - INFO - Estructura: [Fecha/Hora] + [5 columnas de datos]
2026-03-27 11:47:07,959 - INFO - [OK] Datos subidos exitosamente a 'Motos 6_10'
2026-03-27 11:47:07,959 - INFO -   - Filas de datos: 12
2026-03-27 11:47:07,959 - INFO -   - Rango actualizado: A2:F13
2026-03-27 11:47:07,960 - INFO -   - Columna A: Fecha/Hora de ejecución
2026-03-27 11:47:07,960 - INFO -   - Columnas B-F: Datos del archivo
2026-03-27 11:47:07,960 - INFO - [OK] Motos 6_10 completado exitosamente
2026-03-27 11:47:07,961 - INFO - Archivo temporal eliminado
2026-03-27 11:47:07,961 - INFO - ================================================================================
2026-03-27 11:47:07,962 - INFO - COMPLETADO: Motos 6_10
2026-03-27 11:47:07,962 - INFO - ================================================================================
2026-03-27 11:47:07,967 - INFO - Esperando 5 segundos antes del siguiente procesamiento...
2026-03-27 11:47:12,968 - INFO - ================================================================================
2026-03-27 11:47:12,968 - INFO - INICIANDO PROCESAMIENTO: Motos 11_15
2026-03-27 11:47:12,968 - INFO - ================================================================================
2026-03-27 11:47:12,968 - INFO - Seleccionando tipo de vehículo...
2026-03-27 11:47:12,969 - INFO - Esperando: Tipo de Automovil
2026-03-27 11:47:13,000 - INFO - [OK] Elemento encontrado: Tipo de Automovil
2026-03-27 11:47:13,009 - INFO - [OK] Scroll realizado: Tipo de Automovil
2026-03-27 11:47:13,009 - INFO - Esperando 1s adicionales...
2026-03-27 11:47:14,131 - INFO - [OK] Clic realizado: Tipo de Automovil
2026-03-27 11:47:14,131 - INFO - Seleccionando opción: //*[@id="PolizasVehiculo_IdTipoAutomovil"]/option[12]
2026-03-27 11:47:14,132 - INFO - Esperando: opcion vehiculo para Motos 11_15
2026-03-27 11:47:14,181 - INFO - [OK] Elemento encontrado: opcion vehiculo para Motos 11_15
2026-03-27 11:47:14,188 - INFO - [OK] Scroll realizado: opcion vehiculo para Motos 11_15
2026-03-27 11:47:14,189 - INFO - Esperando 1s adicionales...
2026-03-27 11:47:15,254 - INFO - [OK] Clic realizado: opcion vehiculo para Motos 11_15
2026-03-27 11:47:15,255 - INFO - Esperando que el formulario procese...
2026-03-27 11:47:17,255 - INFO - Seleccionando Estado de Póliza...
2026-03-27 11:47:17,337 - INFO - [OK] Estado 'Aceptada' seleccionado
2026-03-27 11:47:17,337 - INFO - Buscando botón de descarga...
2026-03-27 11:47:17,338 - INFO - Esperando: botón de descarga
2026-03-27 11:47:17,372 - INFO - [OK] Elemento encontrado: botón de descarga
2026-03-27 11:47:17,382 - INFO - [OK] Scroll realizado: botón de descarga
2026-03-27 11:47:17,382 - INFO - Esperando 2s adicionales...
2026-03-27 11:47:19,691 - INFO - [OK] Clic realizado: botón de descarga
2026-03-27 11:47:19,691 - INFO - Esperando descarga del archivo (10 segundos)...
2026-03-27 11:47:29,692 - INFO - Buscando archivos descargados...
2026-03-27 11:47:29,694 - INFO - Archivo encontrado: polizas-vehiculos (4).xls
2026-03-27 11:47:29,695 - INFO - Esperando a que el archivo se escriba (5 segundos)...
2026-03-27 11:47:34,696 - INFO - Leyendo archivo...
2026-03-27 11:47:34,696 - INFO - Intentando leer archivo: C:\Users\cmarroquin\Downloads\polizas-vehiculos (4).xls
2026-03-27 11:47:34,697 - INFO - Tamaño archivo: 1652 bytes
2026-03-27 11:47:34,697 - INFO - Estrategia 1: Leyendo con pandas (engine automático)...
2026-03-27 11:47:35,134 - WARNING - No es Excel válido: Excel file format cannot be determined, you must specify an engine manually.
2026-03-27 11:47:35,134 - INFO - El archivo no es Excel válido. Intentando como HTML...
2026-03-27 11:47:35,135 - INFO - Intentando leer archivo como HTML: C:\Users\cmarroquin\Downloads\polizas-vehiculos (4).xls
2026-03-27 11:47:35,135 - INFO - Archivo leído. Tamaño: 1596 caracteres
2026-03-27 11:47:35,137 - INFO - [OK] Tabla encontrada en HTML
2026-03-27 11:47:35,138 - INFO - Encabezados originales (total 49)
2026-03-27 11:47:35,138 - INFO - Columnas E-I seleccionadas: ['Cedula asociado', 'Nombre asociado', 'Cedula propietario', 'Nombre propietario', 'Placa Moto Incluir']
2026-03-27 11:47:35,138 - INFO - [OK] 0 filas extraídas
2026-03-27 11:47:35,138 - WARNING - [ALERTA] Sin datos en el archivo. Creando registro 'sin información'
2026-03-27 11:47:35,138 - INFO - [OK] Archivo leído exitosamente
2026-03-27 11:47:35,138 - INFO - Conectando a Google Sheets: Motos 11_15
2026-03-27 11:47:37,450 - INFO - [OK] Conectado a Google Sheets: Motos 11_15
2026-03-27 11:47:37,451 - INFO - Subiendo datos a Google Sheets...
2026-03-27 11:47:37,451 - INFO - Preparando 1 filas para subir...
2026-03-27 11:47:37,451 - INFO - Columnas a subir: ['Cedula asociado', 'Nombre asociado', 'Cedula propietario', 'Nombre propietario', 'Placa Moto Incluir']
2026-03-27 11:47:37,452 - INFO - Fecha y hora de ejecución: 2026-03-27 11:47:37
2026-03-27 11:47:37,452 - INFO - Subiendo 1 filas desde A2...
2026-03-27 11:47:37,452 - INFO - Rango a escribir: A2:F2
2026-03-27 11:47:37,452 - INFO - Estructura: [Fecha/Hora] + [5 columnas de datos]
2026-03-27 11:47:37,681 - INFO - [OK] Datos subidos exitosamente a 'Motos 11_15'
2026-03-27 11:47:37,681 - INFO -   - Filas de datos: 1
2026-03-27 11:47:37,681 - INFO -   - Rango actualizado: A2:F2
2026-03-27 11:47:37,681 - INFO -   - Columna A: Fecha/Hora de ejecución
2026-03-27 11:47:37,682 - INFO -   - Columnas B-F: Datos del archivo
2026-03-27 11:47:37,682 - INFO - [OK] Motos 11_15 completado exitosamente
2026-03-27 11:47:37,683 - INFO - Archivo temporal eliminado
2026-03-27 11:47:37,683 - INFO - ================================================================================
2026-03-27 11:47:37,683 - INFO - COMPLETADO: Motos 11_15
2026-03-27 11:47:37,684 - INFO - ================================================================================
2026-03-27 11:47:37,688 - INFO - Esperando 5 segundos antes del siguiente procesamiento...
2026-03-27 11:47:42,688 - INFO - ================================================================================
2026-03-27 11:47:42,689 - INFO - INICIANDO PROCESAMIENTO: Motos 16_25
2026-03-27 11:47:42,689 - INFO - ================================================================================
2026-03-27 11:47:42,689 - INFO - Seleccionando tipo de vehículo...
2026-03-27 11:47:42,689 - INFO - Esperando: Tipo de Automovil
2026-03-27 11:47:42,726 - INFO - [OK] Elemento encontrado: Tipo de Automovil
2026-03-27 11:47:42,735 - INFO - [OK] Scroll realizado: Tipo de Automovil
2026-03-27 11:47:42,735 - INFO - Esperando 1s adicionales...
2026-03-27 11:47:43,851 - INFO - [OK] Clic realizado: Tipo de Automovil
2026-03-27 11:47:43,851 - INFO - Seleccionando opción: //*[@id="PolizasVehiculo_IdTipoAutomovil"]/option[13]
2026-03-27 11:47:43,852 - INFO - Esperando: opcion vehiculo para Motos 16_25
2026-03-27 11:47:43,900 - INFO - [OK] Elemento encontrado: opcion vehiculo para Motos 16_25
2026-03-27 11:47:43,907 - INFO - [OK] Scroll realizado: opcion vehiculo para Motos 16_25
2026-03-27 11:47:43,907 - INFO - Esperando 1s adicionales...
2026-03-27 11:47:44,950 - INFO - [OK] Clic realizado: opcion vehiculo para Motos 16_25
2026-03-27 11:47:44,950 - INFO - Esperando que el formulario procese...
2026-03-27 11:47:46,950 - INFO - Seleccionando Estado de Póliza...
2026-03-27 11:47:47,013 - INFO - [OK] Estado 'Aceptada' seleccionado
2026-03-27 11:47:47,013 - INFO - Buscando botón de descarga...
2026-03-27 11:47:47,013 - INFO - Esperando: botón de descarga
2026-03-27 11:47:47,038 - INFO - [OK] Elemento encontrado: botón de descarga
2026-03-27 11:47:47,046 - INFO - [OK] Scroll realizado: botón de descarga
2026-03-27 11:47:47,046 - INFO - Esperando 2s adicionales...
2026-03-27 11:47:49,354 - INFO - [OK] Clic realizado: botón de descarga
2026-03-27 11:47:49,354 - INFO - Esperando descarga del archivo (10 segundos)...
2026-03-27 11:47:59,354 - INFO - Buscando archivos descargados...
2026-03-27 11:47:59,356 - INFO - Archivo encontrado: polizas-vehiculos (4).xls
2026-03-27 11:47:59,356 - INFO - Esperando a que el archivo se escriba (5 segundos)...
2026-03-27 11:48:04,357 - INFO - Leyendo archivo...
2026-03-27 11:48:04,357 - INFO - Intentando leer archivo: C:\Users\cmarroquin\Downloads\polizas-vehiculos (4).xls
2026-03-27 11:48:04,357 - INFO - Tamaño archivo: 1652 bytes
2026-03-27 11:48:04,357 - INFO - Estrategia 1: Leyendo con pandas (engine automático)...
2026-03-27 11:48:04,874 - WARNING - No es Excel válido: Excel file format cannot be determined, you must specify an engine manually.
2026-03-27 11:48:04,874 - INFO - El archivo no es Excel válido. Intentando como HTML...
2026-03-27 11:48:04,874 - INFO - Intentando leer archivo como HTML: C:\Users\cmarroquin\Downloads\polizas-vehiculos (4).xls
2026-03-27 11:48:04,875 - INFO - Archivo leído. Tamaño: 1596 caracteres
2026-03-27 11:48:04,879 - INFO - [OK] Tabla encontrada en HTML
2026-03-27 11:48:04,880 - INFO - Encabezados originales (total 49)
2026-03-27 11:48:04,880 - INFO - Columnas E-I seleccionadas: ['Cedula asociado', 'Nombre asociado', 'Cedula propietario', 'Nombre propietario', 'Placa Moto Incluir']
2026-03-27 11:48:04,880 - INFO - [OK] 0 filas extraídas
2026-03-27 11:48:04,881 - WARNING - [ALERTA] Sin datos en el archivo. Creando registro 'sin información'
2026-03-27 11:48:04,881 - INFO - [OK] Archivo leído exitosamente
2026-03-27 11:48:04,881 - INFO - Conectando a Google Sheets: Motos 16_25
2026-03-27 11:48:07,180 - INFO - [OK] Conectado a Google Sheets: Motos 16_25
2026-03-27 11:48:07,181 - INFO - Subiendo datos a Google Sheets...
2026-03-27 11:48:07,181 - INFO - Preparando 1 filas para subir...
2026-03-27 11:48:07,181 - INFO - Columnas a subir: ['Cedula asociado', 'Nombre asociado', 'Cedula propietario', 'Nombre propietario', 'Placa Moto Incluir']
2026-03-27 11:48:07,181 - INFO - Fecha y hora de ejecución: 2026-03-27 11:48:07
2026-03-27 11:48:07,181 - INFO - Subiendo 1 filas desde A2...
2026-03-27 11:48:07,181 - INFO - Rango a escribir: A2:F2
2026-03-27 11:48:07,182 - INFO - Estructura: [Fecha/Hora] + [5 columnas de datos]
2026-03-27 11:48:07,435 - INFO - [OK] Datos subidos exitosamente a 'Motos 16_25'
2026-03-27 11:48:07,435 - INFO -   - Filas de datos: 1
2026-03-27 11:48:07,435 - INFO -   - Rango actualizado: A2:F2
2026-03-27 11:48:07,435 - INFO -   - Columna A: Fecha/Hora de ejecución
2026-03-27 11:48:07,436 - INFO -   - Columnas B-F: Datos del archivo
2026-03-27 11:48:07,436 - INFO - [OK] Motos 16_25 completado exitosamente
2026-03-27 11:48:07,436 - INFO - Archivo temporal eliminado
2026-03-27 11:48:07,437 - INFO - ================================================================================
2026-03-27 11:48:07,437 - INFO - COMPLETADO: Motos 16_25
2026-03-27 11:48:07,437 - INFO - ================================================================================
2026-03-27 11:48:07,441 - INFO - Esperando 5 segundos antes del siguiente procesamiento...
2026-03-27 11:48:12,441 - INFO - ================================================================================
2026-03-27 11:48:12,441 - INFO - RESUMEN FINAL
2026-03-27 11:48:12,442 - INFO - ================================================================================
2026-03-27 11:48:12,442 - INFO - Motos 0_5: ✓ EXITOSO
2026-03-27 11:48:12,442 - INFO - Motos 6_10: ✓ EXITOSO
2026-03-27 11:48:12,443 - INFO - Motos 11_15: ✓ EXITOSO
2026-03-27 11:48:12,443 - INFO - Motos 16_25: ✓ EXITOSO
2026-03-27 11:48:12,443 - INFO - ================================================================================
2026-03-27 11:48:12,443 - INFO - PROCESO COMPLETADO
2026-03-27 11:48:12,444 - INFO - ================================================================================
2026-03-27 11:48:12,444 - INFO - Cerrando Navegador...
2026-03-27 11:48:14,889 - INFO - Navegador cerrado correctamente
2026-03-27 11:48:14,889 - INFO - cerrando navegador...
2026-03-27 11:48:18,950 - WARNING - Retrying (Retry(total=2, connect=None, read=None, redirect=None, status=None)) after connection broken by 'NewConnectionError("HTTPConnection(host='localhost', port=58226): Failed to establish a new connection: [WinError 10061] No connection could be made because the target machine actively refused it")': /session/c8985b3f361c4a1602838db4897e8f4f
2026-03-27 11:48:23,022 - WARNING - Retrying (Retry(total=1, connect=None, read=None, redirect=None, status=None)) after connection broken by 'NewConnectionError("HTTPConnection(host='localhost', port=58226): Failed to establish a new connection: [WinError 10061] No connection could be made because the target machine actively refused it")': /session/c8985b3f361c4a1602838db4897e8f4f
2026-03-27 11:48:27,088 - WARNING - Retrying (Retry(total=0, connect=None, read=None, redirect=None, status=None)) after connection broken by 'NewConnectionError("HTTPConnection(host='localhost', port=58226): Failed to establish a new connection: [WinError 10061] No connection could be made because the target machine actively refused it")': /session/c8985b3f361c4a1602838db4897e8f4f
